#
# There is insufficient memory for the Java Runtime Environment to continue.
# Native memory allocation (malloc) failed to allocate 944496 bytes. Error detail: Chunk::new
# Possible reasons:
#   The system is out of physical RAM or swap space
#   This process is running with CompressedOops enabled, and the Java Heap may be blocking the growth of the native heap
# Possible solutions:
#   Reduce memory load on the system
#   Increase physical memory or swap space
#   Check if swap backing store is full
#   Decrease Java heap size (-Xmx/-Xms)
#   Decrease number of Java threads
#   Decrease Java thread stack sizes (-Xss)
#   Set larger code cache with -XX:ReservedCodeCacheSize=
#   JVM is running with Unscaled Compressed Oops mode in which the Java heap is
#     placed in the first 4GB address space. The Java Heap base address is the
#     maximum limit for the native heap growth. Please use -XX:HeapBaseMinAddress
#     to set the Java Heap base and to place the Java Heap above 4GB virtual address.
# This output file may be truncated or incomplete.
#
#  Out of Memory Error (arena.cpp:191), pid=18588, tid=14324
#
# JRE version: OpenJDK Runtime Environment Temurin-17.0.13+11 (17.0.13+11) (build 17.0.13+11)
# Java VM: OpenJDK 64-Bit Server VM Temurin-17.0.13+11 (17.0.13+11, mixed mode, tiered, compressed oops, compressed class ptrs, parallel gc, windows-amd64)
# No core dump will be written. Minidumps are not enabled by default on client versions of Windows
#

---------------  S U M M A R Y ------------

Command Line: --add-modules=ALL-SYSTEM --add-opens=java.base/java.util=ALL-UNNAMED --add-opens=java.base/java.lang=ALL-UNNAMED --add-opens=java.base/sun.nio.fs=ALL-UNNAMED -Declipse.application=org.eclipse.jdt.ls.core.id1 -Dosgi.bundles.defaultStartLevel=4 -Declipse.product=org.eclipse.jdt.ls.core.product -Djava.import.generatesMetadataFilesAtProjectRoot=false -DDetectVMInstallationsJob.disabled=true -Dfile.encoding=utf8 -XX:+UseParallelGC -XX:GCTimeRatio=4 -XX:AdaptiveSizePolicyWeight=90 -Dsun.zip.disableMemoryMapping=true -Xmx1G -Xms100m -Xlog:disable -javaagent:c:\Users\Bintang\.vscode\extensions\redhat.java-1.37.0-win32-x64\lombok\lombok-1.18.34.jar -XX:+HeapDumpOnOutOfMemoryError -XX:HeapDumpPath=c:\Users\Bintang\AppData\Roaming\Code\User\workspaceStorage\ce917352764322bf7b911b003575759b\redhat.java -Daether.dependencyCollector.impl=bf c:\Users\Bintang\.vscode\extensions\redhat.java-1.37.0-win32-x64\server\plugins\org.eclipse.equinox.launcher_1.6.900.v20240613-2009.jar -configuration c:\Users\Bintang\AppData\Roaming\Code\User\globalStorage\redhat.java\1.37.0\config_win -data c:\Users\Bintang\AppData\Roaming\Code\User\workspaceStorage\ce917352764322bf7b911b003575759b\redhat.java\jdt_ws --pipe=\\.\pipe\lsp-3e576ae1219d1b5f502a7a5bb8ac9957-sock

Host: 12th Gen Intel(R) Core(TM) i7-12700H, 20 cores, 7G,  Windows 11 , 64 bit Build 22621 (10.0.22621.4391)
Time: Wed Dec 11 02:04:48 2024 SE Asia Standard Time elapsed time: 9.487213 seconds (0d 0h 0m 9s)

---------------  T H R E A D  ---------------

Current thread (0x00000278c937f860):  JavaThread "C2 CompilerThread0" daemon [_thread_in_native, id=14324, stack(0x000000c2f4800000,0x000000c2f4900000)]


Current CompileTask:
C2:   9487 8883       4       org.eclipse.jdt.internal.core.search.indexing.AbstractIndexer::addMethodDeclaration (105 bytes)

Stack: [0x000000c2f4800000,0x000000c2f4900000]
Native frames: (J=compiled Java code, j=interpreted, Vv=VM code, C=native code)
V  [jvm.dll+0x682a19]
V  [jvm.dll+0x839538]
V  [jvm.dll+0x83afe3]
V  [jvm.dll+0x83b653]
V  [jvm.dll+0x24704f]
V  [jvm.dll+0xace34]
V  [jvm.dll+0xad4cc]
V  [jvm.dll+0x2ac84f]
V  [jvm.dll+0x588a79]
V  [jvm.dll+0x220ea2]
V  [jvm.dll+0x22129f]
V  [jvm.dll+0x21a2b0]
V  [jvm.dll+0x21738b]
V  [jvm.dll+0x1a3070]
V  [jvm.dll+0x22788c]
V  [jvm.dll+0x2259eb]
V  [jvm.dll+0x7eec98]
V  [jvm.dll+0x7e8ffc]
V  [jvm.dll+0x6818f7]
C  [ucrtbase.dll+0x29333]
C  [KERNEL32.DLL+0x1259d]
C  [ntdll.dll+0x5af38]


---------------  P R O C E S S  ---------------

Threads class SMR info:
_java_thread_list=0x00000278d8369200, length=83, elements={
0x00000278b0313fa0, 0x00000278c4195020, 0x00000278c41993a0, 0x00000278c9370f20,
0x00000278c93717f0, 0x00000278c9372a60, 0x00000278c9375990, 0x00000278c937f860,
0x00000278c93825e0, 0x00000278c938aaf0, 0x00000278c94b4020, 0x00000278c94f5840,
0x00000278c95a35e0, 0x00000278c961e210, 0x00000278cc2e8aa0, 0x00000278cc3c2600,
0x00000278cc86e5c0, 0x00000278cc3827f0, 0x00000278ccd10e80, 0x00000278cc486700,
0x00000278cc483e80, 0x00000278cc4861f0, 0x00000278cc484db0, 0x00000278cc485ce0,
0x00000278cc4852c0, 0x00000278cc486c10, 0x00000278cc484390, 0x00000278cc483460,
0x00000278cc483970, 0x00000278ce5dac90, 0x00000278ce5db1a0, 0x00000278ce5da780,
0x00000278ce5db6b0, 0x00000278ce5d8e30, 0x00000278ce5d7f00, 0x00000278ce5dee60,
0x00000278ce5d8410, 0x00000278ce5dc0d0, 0x00000278ce5dbbc0, 0x00000278ce5d9340,
0x00000278ce5d9d60, 0x00000278ce5df370, 0x00000278ce5df880, 0x00000278ce5da270,
0x00000278ce5dc5e0, 0x00000278ce5d8920, 0x00000278ce5dcaf0, 0x00000278ce5dd510,
0x00000278ce5d9850, 0x00000278ce5dd000, 0x00000278ce5dda20, 0x00000278ce5de440,
0x00000278ce5de950, 0x00000278cc4848a0, 0x00000278cea3c3c0, 0x00000278cea3dd10,
0x00000278cea3fb70, 0x00000278cea3f150, 0x00000278cea3b490, 0x00000278cea3e730,
0x00000278cea3ec40, 0x00000278cea40080, 0x00000278cea3cde0, 0x00000278cea40590,
0x00000278cf48de50, 0x00000278cea3b9a0, 0x00000278cea40aa0, 0x00000278cea40fb0,
0x00000278cea414c0, 0x00000278cea3a050, 0x00000278cea419d0, 0x00000278cea3d2f0,
0x00000278cea3a560, 0x00000278cea3af80, 0x00000278cea3beb0, 0x00000278cea3d800,
0x00000278cc4857d0, 0x00000278da1b60d0, 0x00000278da1b7000, 0x00000278da1b65e0,
0x00000278da1ba2a0, 0x00000278da1b4780, 0x00000278da1b9d90
}

Java Threads: ( => current thread )
  0x00000278b0313fa0 JavaThread "main" [_thread_blocked, id=26580, stack(0x000000c2f3f00000,0x000000c2f4000000)]
  0x00000278c4195020 JavaThread "Reference Handler" daemon [_thread_blocked, id=4168, stack(0x000000c2f4200000,0x000000c2f4300000)]
  0x00000278c41993a0 JavaThread "Finalizer" daemon [_thread_blocked, id=33240, stack(0x000000c2f4300000,0x000000c2f4400000)]
  0x00000278c9370f20 JavaThread "Signal Dispatcher" daemon [_thread_blocked, id=36700, stack(0x000000c2f4400000,0x000000c2f4500000)]
  0x00000278c93717f0 JavaThread "Attach Listener" daemon [_thread_blocked, id=31024, stack(0x000000c2f4500000,0x000000c2f4600000)]
  0x00000278c9372a60 JavaThread "Service Thread" daemon [_thread_blocked, id=38284, stack(0x000000c2f4600000,0x000000c2f4700000)]
  0x00000278c9375990 JavaThread "Monitor Deflation Thread" daemon [_thread_blocked, id=6236, stack(0x000000c2f4700000,0x000000c2f4800000)]
=>0x00000278c937f860 JavaThread "C2 CompilerThread0" daemon [_thread_in_native, id=14324, stack(0x000000c2f4800000,0x000000c2f4900000)]
  0x00000278c93825e0 JavaThread "C1 CompilerThread0" daemon [_thread_blocked, id=34128, stack(0x000000c2f4900000,0x000000c2f4a00000)]
  0x00000278c938aaf0 JavaThread "Sweeper thread" daemon [_thread_blocked, id=13328, stack(0x000000c2f4a00000,0x000000c2f4b00000)]
  0x00000278c94b4020 JavaThread "Common-Cleaner" daemon [_thread_blocked, id=1756, stack(0x000000c2f4b00000,0x000000c2f4c00000)]
  0x00000278c94f5840 JavaThread "C1 CompilerThread1" daemon [_thread_in_native, id=23072, stack(0x000000c2f4c00000,0x000000c2f4d00000)]
  0x00000278c95a35e0 JavaThread "C2 CompilerThread1" daemon [_thread_in_native, id=17984, stack(0x000000c2f4f00000,0x000000c2f5000000)]
  0x00000278c961e210 JavaThread "Notification Thread" daemon [_thread_blocked, id=17764, stack(0x000000c2f5000000,0x000000c2f5100000)]
  0x00000278cc2e8aa0 JavaThread "Active Thread: Equinox Container: 0c46bb8c-c2f1-4af6-a69a-3fc50de68ff0" [_thread_blocked, id=13420, stack(0x000000c2f5700000,0x000000c2f5800000)]
  0x00000278cc3c2600 JavaThread "Refresh Thread: Equinox Container: 0c46bb8c-c2f1-4af6-a69a-3fc50de68ff0" daemon [_thread_blocked, id=14580, stack(0x000000c2f5800000,0x000000c2f5900000)]
  0x00000278cc86e5c0 JavaThread "Framework Event Dispatcher: Equinox Container: 0c46bb8c-c2f1-4af6-a69a-3fc50de68ff0" daemon [_thread_blocked, id=23920, stack(0x000000c2f5b00000,0x000000c2f5c00000)]
  0x00000278cc3827f0 JavaThread "Start Level: Equinox Container: 0c46bb8c-c2f1-4af6-a69a-3fc50de68ff0" daemon [_thread_blocked, id=11452, stack(0x000000c2f5c00000,0x000000c2f5d00000)]
  0x00000278ccd10e80 JavaThread "Bundle File Closer" daemon [_thread_blocked, id=7756, stack(0x000000c2f5d00000,0x000000c2f5e00000)]
  0x00000278cc486700 JavaThread "SCR Component Actor" daemon [_thread_blocked, id=9652, stack(0x000000c2f6000000,0x000000c2f6100000)]
  0x00000278cc483e80 JavaThread "Worker-JM" [_thread_blocked, id=16004, stack(0x000000c2f6400000,0x000000c2f6500000)]
  0x00000278cc4861f0 JavaThread "JNA Cleaner" daemon [_thread_blocked, id=38884, stack(0x000000c2f6500000,0x000000c2f6600000)]
  0x00000278cc484db0 JavaThread "Worker-0" [_thread_blocked, id=432, stack(0x000000c2f6600000,0x000000c2f6700000)]
  0x00000278cc485ce0 JavaThread "Worker-1" [_thread_blocked, id=38032, stack(0x000000c2f6700000,0x000000c2f6800000)]
  0x00000278cc4852c0 JavaThread "Java indexing" daemon [_thread_in_Java, id=35664, stack(0x000000c2f6b00000,0x000000c2f6c00000)]
  0x00000278cc486c10 JavaThread "Worker-2" [_thread_blocked, id=28548, stack(0x000000c2f6c00000,0x000000c2f6d00000)]
  0x00000278cc484390 JavaThread "Thread-2" daemon [_thread_in_native, id=21632, stack(0x000000c2f6d00000,0x000000c2f6e00000)]
  0x00000278cc483460 JavaThread "Thread-3" daemon [_thread_in_native, id=31896, stack(0x000000c2f6e00000,0x000000c2f6f00000)]
  0x00000278cc483970 JavaThread "Thread-4" daemon [_thread_in_native, id=7148, stack(0x000000c2f6f00000,0x000000c2f7000000)]
  0x00000278ce5dac90 JavaThread "Thread-5" daemon [_thread_in_native, id=27080, stack(0x000000c2f7000000,0x000000c2f7100000)]
  0x00000278ce5db1a0 JavaThread "Thread-6" daemon [_thread_in_native, id=37376, stack(0x000000c2f7100000,0x000000c2f7200000)]
  0x00000278ce5da780 JavaThread "Thread-7" daemon [_thread_in_native, id=10960, stack(0x000000c2f7200000,0x000000c2f7300000)]
  0x00000278ce5db6b0 JavaThread "Thread-8" daemon [_thread_in_native, id=12424, stack(0x000000c2f7300000,0x000000c2f7400000)]
  0x00000278ce5d8e30 JavaThread "Thread-9" daemon [_thread_in_native, id=7432, stack(0x000000c2f7400000,0x000000c2f7500000)]
  0x00000278ce5d7f00 JavaThread "Thread-10" daemon [_thread_in_native, id=24440, stack(0x000000c2f7500000,0x000000c2f7600000)]
  0x00000278ce5dee60 JavaThread "Thread-11" daemon [_thread_in_native, id=21764, stack(0x000000c2f7600000,0x000000c2f7700000)]
  0x00000278ce5d8410 JavaThread "Thread-12" daemon [_thread_in_native, id=12860, stack(0x000000c2f7700000,0x000000c2f7800000)]
  0x00000278ce5dc0d0 JavaThread "Thread-13" daemon [_thread_in_native, id=26296, stack(0x000000c2f7800000,0x000000c2f7900000)]
  0x00000278ce5dbbc0 JavaThread "Thread-14" daemon [_thread_in_native, id=13760, stack(0x000000c2f7900000,0x000000c2f7a00000)]
  0x00000278ce5d9340 JavaThread "Thread-15" daemon [_thread_in_native, id=17184, stack(0x000000c2f7a00000,0x000000c2f7b00000)]
  0x00000278ce5d9d60 JavaThread "Thread-16" daemon [_thread_in_native, id=38272, stack(0x000000c2f7b00000,0x000000c2f7c00000)]
  0x00000278ce5df370 JavaThread "Thread-17" daemon [_thread_in_native, id=36680, stack(0x000000c2f7c00000,0x000000c2f7d00000)]
  0x00000278ce5df880 JavaThread "Thread-18" daemon [_thread_in_native, id=12580, stack(0x000000c2f7d00000,0x000000c2f7e00000)]
  0x00000278ce5da270 JavaThread "Thread-19" daemon [_thread_in_native, id=9996, stack(0x000000c2f7e00000,0x000000c2f7f00000)]
  0x00000278ce5dc5e0 JavaThread "Worker-3: Initialize workspace" [_thread_blocked, id=14940, stack(0x000000c2f7f00000,0x000000c2f8000000)]
  0x00000278ce5d8920 JavaThread "Thread-20" daemon [_thread_in_native, id=7540, stack(0x000000c2f8000000,0x000000c2f8100000)]
  0x00000278ce5dcaf0 JavaThread "Thread-21" daemon [_thread_in_native, id=36988, stack(0x000000c2f8100000,0x000000c2f8200000)]
  0x00000278ce5dd510 JavaThread "Thread-22" daemon [_thread_in_native, id=34764, stack(0x000000c2f8200000,0x000000c2f8300000)]
  0x00000278ce5d9850 JavaThread "pool-2-thread-1" [_thread_blocked, id=31732, stack(0x000000c2f8300000,0x000000c2f8400000)]
  0x00000278ce5dd000 JavaThread "Worker-4: Java indexing... " [_thread_blocked, id=36972, stack(0x000000c2f8400000,0x000000c2f8500000)]
  0x00000278ce5dda20 JavaThread "Worker-5: Building" [_thread_blocked, id=19916, stack(0x000000c2f8500000,0x000000c2f8600000)]
  0x00000278ce5de440 JavaThread "WorkspaceEventsHandler" [_thread_blocked, id=11460, stack(0x000000c2f8600000,0x000000c2f8700000)]
  0x00000278ce5de950 JavaThread "pool-1-thread-1" [_thread_blocked, id=33472, stack(0x000000c2f8700000,0x000000c2f8800000)]
  0x00000278cc4848a0 JavaThread "Compiler Source File Reader" daemon [_thread_blocked, id=15284, stack(0x000000c2f8800000,0x000000c2f8900000)]
  0x00000278cea3c3c0 JavaThread "Compiler Source File Reader" daemon [_thread_blocked, id=14480, stack(0x000000c2f8900000,0x000000c2f8a00000)]
  0x00000278cea3dd10 JavaThread "Compiler Source File Reader" daemon [_thread_blocked, id=10836, stack(0x000000c2f8a00000,0x000000c2f8b00000)]
  0x00000278cea3fb70 JavaThread "Compiler Processing Task" daemon [_thread_in_Java, id=9380, stack(0x000000c2f8b00000,0x000000c2f8c00000)]
  0x00000278cea3f150 JavaThread "Compiler Class File Writer" daemon [_thread_blocked, id=36484, stack(0x000000c2f8c00000,0x000000c2f8d00000)]
  0x00000278cea3b490 JavaThread "Compiler Class File Writer" daemon [_thread_blocked, id=15680, stack(0x000000c2f8d00000,0x000000c2f8e00000)]
  0x00000278cea3e730 JavaThread "Compiler Class File Writer" daemon [_thread_blocked, id=16896, stack(0x000000c2f8e00000,0x000000c2f8f00000)]
  0x00000278cea3ec40 JavaThread "Compiler Source File Reader" daemon [_thread_blocked, id=13208, stack(0x000000c2f4d00000,0x000000c2f4e00000)]
  0x00000278cea40080 JavaThread "Compiler Source File Reader" daemon [_thread_blocked, id=32716, stack(0x000000c2f4e00000,0x000000c2f4f00000)]
  0x00000278cea3cde0 JavaThread "Compiler Source File Reader" daemon [_thread_blocked, id=6068, stack(0x000000c2f6100000,0x000000c2f6200000)]
  0x00000278cea40590 JavaThread "Compiler Class File Writer" daemon [_thread_blocked, id=25140, stack(0x000000c2f8f00000,0x000000c2f9000000)]
  0x00000278cf48de50 JavaThread "C1 CompilerThread2" daemon [_thread_blocked, id=11924, stack(0x000000c2f9000000,0x000000c2f9100000)]
  0x00000278cea3b9a0 JavaThread "Compiler Class File Writer" daemon [_thread_blocked, id=22964, stack(0x000000c2f9100000,0x000000c2f9200000)]
  0x00000278cea40aa0 JavaThread "Compiler Class File Writer" daemon [_thread_blocked, id=7472, stack(0x000000c2f9200000,0x000000c2f9300000)]
  0x00000278cea40fb0 JavaThread "ForkJoinPool.commonPool-worker-1" daemon [_thread_blocked, id=36536, stack(0x000000c2f9300000,0x000000c2f9400000)]
  0x00000278cea414c0 JavaThread "ForkJoinPool.commonPool-worker-2" daemon [_thread_blocked, id=28096, stack(0x000000c2f9400000,0x000000c2f9500000)]
  0x00000278cea3a050 JavaThread "ForkJoinPool.commonPool-worker-3" daemon [_thread_blocked, id=38432, stack(0x000000c2f9500000,0x000000c2f9600000)]
  0x00000278cea419d0 JavaThread "ForkJoinPool.commonPool-worker-4" daemon [_thread_blocked, id=14184, stack(0x000000c2f9600000,0x000000c2f9700000)]
  0x00000278cea3d2f0 JavaThread "ForkJoinPool.commonPool-worker-5" daemon [_thread_blocked, id=20372, stack(0x000000c2f9700000,0x000000c2f9800000)]
  0x00000278cea3a560 JavaThread "ForkJoinPool.commonPool-worker-6" daemon [_thread_blocked, id=13084, stack(0x000000c2f9800000,0x000000c2f9900000)]
  0x00000278cea3af80 JavaThread "ForkJoinPool.commonPool-worker-7" daemon [_thread_blocked, id=13656, stack(0x000000c2f9900000,0x000000c2f9a00000)]
  0x00000278cea3beb0 JavaThread "ForkJoinPool.commonPool-worker-8" daemon [_thread_blocked, id=27368, stack(0x000000c2f9a00000,0x000000c2f9b00000)]
  0x00000278cea3d800 JavaThread "ForkJoinPool.commonPool-worker-9" daemon [_thread_blocked, id=36160, stack(0x000000c2f9b00000,0x000000c2f9c00000)]
  0x00000278cc4857d0 JavaThread "ForkJoinPool.commonPool-worker-10" daemon [_thread_blocked, id=7500, stack(0x000000c2f9c00000,0x000000c2f9d00000)]
  0x00000278da1b60d0 JavaThread "Thread-23" daemon [_thread_in_native, id=24648, stack(0x000000c2f9d00000,0x000000c2f9e00000)]
  0x00000278da1b7000 JavaThread "Compiler Source File Reader" daemon [_thread_blocked, id=19372, stack(0x000000c2f9e00000,0x000000c2f9f00000)]
  0x00000278da1b65e0 JavaThread "Compiler Source File Reader" daemon [_thread_blocked, id=20712, stack(0x000000c2f9f00000,0x000000c2fa000000)]
  0x00000278da1ba2a0 JavaThread "Compiler Source File Reader" daemon [_thread_blocked, id=10104, stack(0x000000c2fa000000,0x000000c2fa100000)]
  0x00000278da1b4780 JavaThread "Compiler Class File Writer" daemon [_thread_blocked, id=27936, stack(0x000000c2fa100000,0x000000c2fa200000)]
  0x00000278da1b9d90 JavaThread "Compiler Class File Writer" daemon [_thread_blocked, id=16536, stack(0x000000c2fa200000,0x000000c2fa300000)]

Other Threads:
  0x00000278b039c320 VMThread "VM Thread" [stack: 0x000000c2f4100000,0x000000c2f4200000] [id=12132]
  0x00000278cbbf1280 WatcherThread [stack: 0x000000c2f5100000,0x000000c2f5200000] [id=12296]
  0x00000278b0328490 GCTaskThread "GC Thread#0" [stack: 0x000000c2f4000000,0x000000c2f4100000] [id=8324]
  0x00000278cbe41730 GCTaskThread "GC Thread#1" [stack: 0x000000c2f5200000,0x000000c2f5300000] [id=36060]
  0x00000278cbffa070 GCTaskThread "GC Thread#2" [stack: 0x000000c2f5300000,0x000000c2f5400000] [id=32412]
  0x00000278cbffa330 GCTaskThread "GC Thread#3" [stack: 0x000000c2f5400000,0x000000c2f5500000] [id=12084]
  0x00000278cbffa5f0 GCTaskThread "GC Thread#4" [stack: 0x000000c2f5500000,0x000000c2f5600000] [id=36284]
  0x00000278cc30f480 GCTaskThread "GC Thread#5" [stack: 0x000000c2f5600000,0x000000c2f5700000] [id=15500]
  0x00000278b02f57a0 GCTaskThread "GC Thread#6" [stack: 0x000000c2f5900000,0x000000c2f5a00000] [id=12020]
  0x00000278cc8c0ca0 GCTaskThread "GC Thread#7" [stack: 0x000000c2f5a00000,0x000000c2f5b00000] [id=7436]
  0x00000278ccbf15f0 GCTaskThread "GC Thread#8" [stack: 0x000000c2f5e00000,0x000000c2f5f00000] [id=1256]
  0x00000278cc8607c0 GCTaskThread "GC Thread#9" [stack: 0x000000c2f5f00000,0x000000c2f6000000] [id=23976]
  0x00000278ccddac20 GCTaskThread "GC Thread#10" [stack: 0x000000c2f6200000,0x000000c2f6300000] [id=22852]
  0x00000278ccddb720 GCTaskThread "GC Thread#11" [stack: 0x000000c2f6300000,0x000000c2f6400000] [id=25628]
  0x00000278ccddbf60 GCTaskThread "GC Thread#12" [stack: 0x000000c2f6800000,0x000000c2f6900000] [id=1116]
  0x00000278ccdda3e0 GCTaskThread "GC Thread#13" [stack: 0x000000c2f6900000,0x000000c2f6a00000] [id=28004]
  0x00000278ccdda6a0 GCTaskThread "GC Thread#14" [stack: 0x000000c2f6a00000,0x000000c2f6b00000] [id=30024]

Threads with active compile tasks:
C2 CompilerThread0     9541 8883       4       org.eclipse.jdt.internal.core.search.indexing.AbstractIndexer::addMethodDeclaration (105 bytes)
C2 CompilerThread1     9541 8570 %     4       org.eclipse.jdt.internal.core.search.indexing.BinaryIndexer::extractReferenceFromConstantPool @ 155 (358 bytes)

VM state: not at safepoint (normal execution)

VM Mutex/Monitor currently owned by a thread: None

Heap address: 0x00000000c0000000, size: 1024 MB, Compressed Oops mode: 32-bit

CDS archive(s) not mapped
Compressed class space mapped at: 0x0000000100000000-0x0000000140000000, reserved size: 1073741824
Narrow klass base: 0x0000000000000000, Narrow klass shift: 3, Narrow klass range: 0x140000000

GC Precious Log:
 CPUs: 20 total, 20 available
 Memory: 7892M
 Large Page Support: Disabled
 NUMA Support: Disabled
 Compressed Oops: Enabled (32-bit)
 Alignments: Space 512K, Generation 512K, Heap 2M
 Heap Min Capacity: 100M
 Heap Initial Capacity: 100M
 Heap Max Capacity: 1G
 Pre-touch: Disabled
 Parallel Workers: 15

Heap:
 PSYoungGen      total 27136K, used 23387K [0x00000000eab00000, 0x00000000ed100000, 0x0000000100000000)
  eden space 16384K, 78% used [0x00000000eab00000,0x00000000eb792708,0x00000000ebb00000)
  from space 10752K, 97% used [0x00000000ec680000,0x00000000ed0c4848,0x00000000ed100000)
  to   space 7168K, 0% used [0x00000000ebb00000,0x00000000ebb00000,0x00000000ec200000)
 ParOldGen       total 181760K, used 173872K [0x00000000c0000000, 0x00000000cb180000, 0x00000000eab00000)
  object space 181760K, 95% used [0x00000000c0000000,0x00000000ca9cc068,0x00000000cb180000)
 Metaspace       used 66780K, committed 67840K, reserved 1114112K
  class space    used 7056K, committed 7552K, reserved 1048576K

Card table byte_map: [0x00000278afca0000,0x00000278afeb0000] _byte_map_base: 0x00000278af6a0000

Marking Bits: (ParMarkBitMap*) 0x00007ff8692f6940
 Begin Bits: [0x00000278c1fa0000, 0x00000278c2fa0000)
 End Bits:   [0x00000278c2fa0000, 0x00000278c3fa0000)

Polling page: 0x00000278ae2c0000

Metaspace:

Usage:
  Non-class:     58.32 MB used.
      Class:      6.89 MB used.
       Both:     65.22 MB used.

Virtual space:
  Non-class space:       64.00 MB reserved,      58.88 MB ( 92%) committed,  1 nodes.
      Class space:        1.00 GB reserved,       7.38 MB ( <1%) committed,  1 nodes.
             Both:        1.06 GB reserved,      66.25 MB (  6%) committed. 

Chunk freelists:
   Non-Class:  4.39 MB
       Class:  8.60 MB
        Both:  12.99 MB

MaxMetaspaceSize: unlimited
CompressedClassSpaceSize: 1.00 GB
Initial GC threshold: 21.00 MB
Current GC threshold: 105.88 MB
CDS: off
MetaspaceReclaimPolicy: balanced
 - commit_granule_bytes: 65536.
 - commit_granule_words: 8192.
 - virtual_space_node_default_size: 8388608.
 - enlarge_chunks_in_place: 1.
 - new_chunks_are_fully_committed: 0.
 - uncommit_free_chunks: 1.
 - use_allocation_guard: 0.
 - handle_deallocations: 1.


Internal statistics:

num_allocs_failed_limit: 6.
num_arena_births: 700.
num_arena_deaths: 28.
num_vsnodes_births: 2.
num_vsnodes_deaths: 0.
num_space_committed: 1060.
num_space_uncommitted: 0.
num_chunks_returned_to_freelist: 38.
num_chunks_taken_from_freelist: 3531.
num_chunk_merges: 9.
num_chunk_splits: 2099.
num_chunks_enlarged: 1130.
num_inconsistent_stats: 0.

CodeHeap 'non-profiled nmethods': size=119168Kb used=3072Kb max_used=3072Kb free=116095Kb
 bounds [0x00000278bab40000, 0x00000278bae50000, 0x00000278c1fa0000]
CodeHeap 'profiled nmethods': size=119104Kb used=17332Kb max_used=17332Kb free=101772Kb
 bounds [0x00000278b2fa0000, 0x00000278b4090000, 0x00000278ba3f0000]
CodeHeap 'non-nmethods': size=7488Kb used=2493Kb max_used=3101Kb free=4994Kb
 bounds [0x00000278ba3f0000, 0x00000278ba710000, 0x00000278bab40000]
 total_blobs=8907 nmethods=8193 adapters=625
 compilation: enabled
              stopped_count=0, restarted_count=0
 full_count=0

Compilation events (20 events):
Event: 9.473 Thread 0x00000278c94f5840 9148       2       org.eclipse.jdt.internal.compiler.lookup.UnresolvedReferenceBinding::setResolvedType (67 bytes)
Event: 9.473 Thread 0x00000278cf48de50 9149       2       org.eclipse.jdt.internal.compiler.lookup.MethodBinding::original (2 bytes)
Event: 9.473 Thread 0x00000278cf48de50 nmethod 9149 0x00000278b4060410 code [0x00000278b40605a0, 0x00000278b40606b8]
Event: 9.473 Thread 0x00000278c94f5840 nmethod 9148 0x00000278b4060790 code [0x00000278b4060940, 0x00000278b4060bf8]
Event: 9.473 Thread 0x00000278c94f5840 9151       2       org.eclipse.jdt.internal.compiler.lookup.MethodBinding::<init> (16 bytes)
Event: 9.474 Thread 0x00000278c93825e0 9152       2       org.eclipse.jdt.core.compiler.CharOperation::indexOf (8 bytes)
Event: 9.474 Thread 0x00000278c94f5840 nmethod 9151 0x00000278b4060e10 code [0x00000278b4060fa0, 0x00000278b40610e8]
Event: 9.474 Thread 0x00000278c93825e0 nmethod 9152 0x00000278b4061190 code [0x00000278b4061320, 0x00000278b4061428]
Event: 9.474 Thread 0x00000278c94f5840 9153       2       org.eclipse.jdt.internal.compiler.lookup.Scope::referenceCompilationUnit (8 bytes)
Event: 9.474 Thread 0x00000278c94f5840 nmethod 9153 0x00000278b4061510 code [0x00000278b40616a0, 0x00000278b40617b8]
Event: 9.475 Thread 0x00000278c94f5840 9154       2       org.eclipse.jdt.internal.compiler.lookup.LookupEnvironment::convertToParameterizedType (89 bytes)
Event: 9.476 Thread 0x00000278c94f5840 nmethod 9154 0x00000278b4061890 code [0x00000278b4061aa0, 0x00000278b4061dd8]
Event: 9.476 Thread 0x00000278c93825e0 9155       2       org.eclipse.jdt.internal.compiler.lookup.Scope::enclosingReceiverType (38 bytes)
Event: 9.476 Thread 0x00000278c93825e0 nmethod 9155 0x00000278b4061f90 code [0x00000278b4062140, 0x00000278b40623c8]
Event: 9.476 Thread 0x00000278c93825e0 9156       2       org.eclipse.jdt.internal.compiler.classfmt.ClassFileReader::read (7 bytes)
Event: 9.476 Thread 0x00000278c94f5840 9157   !   2       org.eclipse.jdt.internal.compiler.classfmt.ClassFileReader::read (134 bytes)
Event: 9.476 Thread 0x00000278c93825e0 nmethod 9156 0x00000278b4062590 code [0x00000278b4062720, 0x00000278b4062828]
Event: 9.478 Thread 0x00000278c94f5840 nmethod 9157 0x00000278b4062910 code [0x00000278b4062be0, 0x00000278b4063418]
Event: 9.480 Thread 0x00000278c94f5840 9158       2       org.eclipse.jdt.core.compiler.CharOperation::containsEqual (38 bytes)
Event: 9.481 Thread 0x00000278c93825e0 9159       3       org.eclipse.jdt.internal.core.builder.ClasspathLocation::singletonModuleNameIf (41 bytes)

GC Heap History (20 events):
Event: 8.974 GC heap before
{Heap before GC invocations=128 (full 6):
 PSYoungGen      total 12288K, used 12270K [0x00000000eab00000, 0x00000000ebf80000, 0x0000000100000000)
  eden space 9728K, 100% used [0x00000000eab00000,0x00000000eb480000,0x00000000eb480000)
  from space 2560K, 99% used [0x00000000eb480000,0x00000000eb6fb9c0,0x00000000eb700000)
  to   space 5120K, 0% used [0x00000000eba80000,0x00000000eba80000,0x00000000ebf80000)
 ParOldGen       total 181760K, used 150180K [0x00000000c0000000, 0x00000000cb180000, 0x00000000eab00000)
  object space 181760K, 82% used [0x00000000c0000000,0x00000000c92a90e0,0x00000000cb180000)
 Metaspace       used 64845K, committed 65920K, reserved 1114112K
  class space    used 6855K, committed 7296K, reserved 1048576K
}
Event: 8.977 GC heap after
{Heap after GC invocations=128 (full 6):
 PSYoungGen      total 13824K, used 2754K [0x00000000eab00000, 0x00000000ebd80000, 0x0000000100000000)
  eden space 10752K, 0% used [0x00000000eab00000,0x00000000eab00000,0x00000000eb580000)
  from space 3072K, 89% used [0x00000000eba80000,0x00000000ebd30840,0x00000000ebd80000)
  to   space 3584K, 0% used [0x00000000eb680000,0x00000000eb680000,0x00000000eba00000)
 ParOldGen       total 181760K, used 151303K [0x00000000c0000000, 0x00000000cb180000, 0x00000000eab00000)
  object space 181760K, 83% used [0x00000000c0000000,0x00000000c93c1da0,0x00000000cb180000)
 Metaspace       used 64845K, committed 65920K, reserved 1114112K
  class space    used 6855K, committed 7296K, reserved 1048576K
}
Event: 8.999 GC heap before
{Heap before GC invocations=129 (full 6):
 PSYoungGen      total 13824K, used 13506K [0x00000000eab00000, 0x00000000ebd80000, 0x0000000100000000)
  eden space 10752K, 100% used [0x00000000eab00000,0x00000000eb580000,0x00000000eb580000)
  from space 3072K, 89% used [0x00000000eba80000,0x00000000ebd30840,0x00000000ebd80000)
  to   space 3584K, 0% used [0x00000000eb680000,0x00000000eb680000,0x00000000eba00000)
 ParOldGen       total 181760K, used 151303K [0x00000000c0000000, 0x00000000cb180000, 0x00000000eab00000)
  object space 181760K, 83% used [0x00000000c0000000,0x00000000c93c1da0,0x00000000cb180000)
 Metaspace       used 64847K, committed 65920K, reserved 1114112K
  class space    used 6855K, committed 7296K, reserved 1048576K
}
Event: 9.002 GC heap after
{Heap after GC invocations=129 (full 6):
 PSYoungGen      total 15360K, used 3556K [0x00000000eab00000, 0x00000000ebe80000, 0x0000000100000000)
  eden space 11776K, 0% used [0x00000000eab00000,0x00000000eab00000,0x00000000eb680000)
  from space 3584K, 99% used [0x00000000eb680000,0x00000000eb9f9348,0x00000000eba00000)
  to   space 4096K, 0% used [0x00000000eba80000,0x00000000eba80000,0x00000000ebe80000)
 ParOldGen       total 181760K, used 151496K [0x00000000c0000000, 0x00000000cb180000, 0x00000000eab00000)
  object space 181760K, 83% used [0x00000000c0000000,0x00000000c93f2240,0x00000000cb180000)
 Metaspace       used 64847K, committed 65920K, reserved 1114112K
  class space    used 6855K, committed 7296K, reserved 1048576K
}
Event: 9.021 GC heap before
{Heap before GC invocations=130 (full 6):
 PSYoungGen      total 15360K, used 15332K [0x00000000eab00000, 0x00000000ebe80000, 0x0000000100000000)
  eden space 11776K, 100% used [0x00000000eab00000,0x00000000eb680000,0x00000000eb680000)
  from space 3584K, 99% used [0x00000000eb680000,0x00000000eb9f9348,0x00000000eba00000)
  to   space 4096K, 0% used [0x00000000eba80000,0x00000000eba80000,0x00000000ebe80000)
 ParOldGen       total 181760K, used 151496K [0x00000000c0000000, 0x00000000cb180000, 0x00000000eab00000)
  object space 181760K, 83% used [0x00000000c0000000,0x00000000c93f2240,0x00000000cb180000)
 Metaspace       used 64848K, committed 65920K, reserved 1114112K
  class space    used 6855K, committed 7296K, reserved 1048576K
}
Event: 9.023 GC heap after
{Heap after GC invocations=130 (full 6):
 PSYoungGen      total 15872K, used 2215K [0x00000000eab00000, 0x00000000ebd80000, 0x0000000100000000)
  eden space 12800K, 0% used [0x00000000eab00000,0x00000000eab00000,0x00000000eb780000)
  from space 3072K, 72% used [0x00000000eba80000,0x00000000ebca9fe0,0x00000000ebd80000)
  to   space 3072K, 0% used [0x00000000eb780000,0x00000000eb780000,0x00000000eba80000)
 ParOldGen       total 181760K, used 153817K [0x00000000c0000000, 0x00000000cb180000, 0x00000000eab00000)
  object space 181760K, 84% used [0x00000000c0000000,0x00000000c9636610,0x00000000cb180000)
 Metaspace       used 64848K, committed 65920K, reserved 1114112K
  class space    used 6855K, committed 7296K, reserved 1048576K
}
Event: 9.051 GC heap before
{Heap before GC invocations=131 (full 6):
 PSYoungGen      total 15872K, used 15015K [0x00000000eab00000, 0x00000000ebd80000, 0x0000000100000000)
  eden space 12800K, 100% used [0x00000000eab00000,0x00000000eb780000,0x00000000eb780000)
  from space 3072K, 72% used [0x00000000eba80000,0x00000000ebca9fe0,0x00000000ebd80000)
  to   space 3072K, 0% used [0x00000000eb780000,0x00000000eb780000,0x00000000eba80000)
 ParOldGen       total 181760K, used 153817K [0x00000000c0000000, 0x00000000cb180000, 0x00000000eab00000)
  object space 181760K, 84% used [0x00000000c0000000,0x00000000c9636610,0x00000000cb180000)
 Metaspace       used 64851K, committed 65920K, reserved 1114112K
  class space    used 6855K, committed 7296K, reserved 1048576K
}
Event: 9.052 GC heap after
{Heap after GC invocations=131 (full 6):
 PSYoungGen      total 15872K, used 3063K [0x00000000eab00000, 0x00000000ebf80000, 0x0000000100000000)
  eden space 12800K, 0% used [0x00000000eab00000,0x00000000eab00000,0x00000000eb780000)
  from space 3072K, 99% used [0x00000000eb780000,0x00000000eba7dd30,0x00000000eba80000)
  to   space 3584K, 0% used [0x00000000ebc00000,0x00000000ebc00000,0x00000000ebf80000)
 ParOldGen       total 181760K, used 153965K [0x00000000c0000000, 0x00000000cb180000, 0x00000000eab00000)
  object space 181760K, 84% used [0x00000000c0000000,0x00000000c965b670,0x00000000cb180000)
 Metaspace       used 64851K, committed 65920K, reserved 1114112K
  class space    used 6855K, committed 7296K, reserved 1048576K
}
Event: 9.097 GC heap before
{Heap before GC invocations=132 (full 6):
 PSYoungGen      total 15872K, used 15863K [0x00000000eab00000, 0x00000000ebf80000, 0x0000000100000000)
  eden space 12800K, 100% used [0x00000000eab00000,0x00000000eb780000,0x00000000eb780000)
  from space 3072K, 99% used [0x00000000eb780000,0x00000000eba7dd30,0x00000000eba80000)
  to   space 3584K, 0% used [0x00000000ebc00000,0x00000000ebc00000,0x00000000ebf80000)
 ParOldGen       total 181760K, used 153965K [0x00000000c0000000, 0x00000000cb180000, 0x00000000eab00000)
  object space 181760K, 84% used [0x00000000c0000000,0x00000000c965b670,0x00000000cb180000)
 Metaspace       used 64987K, committed 66048K, reserved 1114112K
  class space    used 6875K, committed 7296K, reserved 1048576K
}
Event: 9.101 GC heap after
{Heap after GC invocations=132 (full 6):
 PSYoungGen      total 16896K, used 3542K [0x00000000eab00000, 0x00000000ec080000, 0x0000000100000000)
  eden space 13312K, 0% used [0x00000000eab00000,0x00000000eab00000,0x00000000eb800000)
  from space 3584K, 98% used [0x00000000ebc00000,0x00000000ebf75ae8,0x00000000ebf80000)
  to   space 4096K, 0% used [0x00000000eb800000,0x00000000eb800000,0x00000000ebc00000)
 ParOldGen       total 181760K, used 155879K [0x00000000c0000000, 0x00000000cb180000, 0x00000000eab00000)
  object space 181760K, 85% used [0x00000000c0000000,0x00000000c9839ed8,0x00000000cb180000)
 Metaspace       used 64987K, committed 66048K, reserved 1114112K
  class space    used 6875K, committed 7296K, reserved 1048576K
}
Event: 9.162 GC heap before
{Heap before GC invocations=133 (full 6):
 PSYoungGen      total 16896K, used 16854K [0x00000000eab00000, 0x00000000ec080000, 0x0000000100000000)
  eden space 13312K, 100% used [0x00000000eab00000,0x00000000eb800000,0x00000000eb800000)
  from space 3584K, 98% used [0x00000000ebc00000,0x00000000ebf75ae8,0x00000000ebf80000)
  to   space 4096K, 0% used [0x00000000eb800000,0x00000000eb800000,0x00000000ebc00000)
 ParOldGen       total 181760K, used 155879K [0x00000000c0000000, 0x00000000cb180000, 0x00000000eab00000)
  object space 181760K, 85% used [0x00000000c0000000,0x00000000c9839ed8,0x00000000cb180000)
 Metaspace       used 65108K, committed 66112K, reserved 1114112K
  class space    used 6889K, committed 7296K, reserved 1048576K
}
Event: 9.165 GC heap after
{Heap after GC invocations=133 (full 6):
 PSYoungGen      total 17408K, used 4090K [0x00000000eab00000, 0x00000000ec700000, 0x0000000100000000)
  eden space 13312K, 0% used [0x00000000eab00000,0x00000000eab00000,0x00000000eb800000)
  from space 4096K, 99% used [0x00000000eb800000,0x00000000ebbfeaf0,0x00000000ebc00000)
  to   space 7168K, 0% used [0x00000000ec000000,0x00000000ec000000,0x00000000ec700000)
 ParOldGen       total 181760K, used 158360K [0x00000000c0000000, 0x00000000cb180000, 0x00000000eab00000)
  object space 181760K, 87% used [0x00000000c0000000,0x00000000c9aa6128,0x00000000cb180000)
 Metaspace       used 65108K, committed 66112K, reserved 1114112K
  class space    used 6889K, committed 7296K, reserved 1048576K
}
Event: 9.223 GC heap before
{Heap before GC invocations=134 (full 6):
 PSYoungGen      total 17408K, used 17402K [0x00000000eab00000, 0x00000000ec700000, 0x0000000100000000)
  eden space 13312K, 100% used [0x00000000eab00000,0x00000000eb800000,0x00000000eb800000)
  from space 4096K, 99% used [0x00000000eb800000,0x00000000ebbfeaf0,0x00000000ebc00000)
  to   space 7168K, 0% used [0x00000000ec000000,0x00000000ec000000,0x00000000ec700000)
 ParOldGen       total 181760K, used 158360K [0x00000000c0000000, 0x00000000cb180000, 0x00000000eab00000)
  object space 181760K, 87% used [0x00000000c0000000,0x00000000c9aa6128,0x00000000cb180000)
 Metaspace       used 65472K, committed 66496K, reserved 1114112K
  class space    used 6919K, committed 7360K, reserved 1048576K
}
Event: 9.226 GC heap after
{Heap after GC invocations=134 (full 6):
 PSYoungGen      total 19456K, used 5101K [0x00000000eab00000, 0x00000000ec500000, 0x0000000100000000)
  eden space 14336K, 0% used [0x00000000eab00000,0x00000000eab00000,0x00000000eb900000)
  from space 5120K, 99% used [0x00000000ec000000,0x00000000ec4fb678,0x00000000ec500000)
  to   space 5632K, 0% used [0x00000000eba00000,0x00000000eba00000,0x00000000ebf80000)
 ParOldGen       total 181760K, used 160293K [0x00000000c0000000, 0x00000000cb180000, 0x00000000eab00000)
  object space 181760K, 88% used [0x00000000c0000000,0x00000000c9c897a8,0x00000000cb180000)
 Metaspace       used 65472K, committed 66496K, reserved 1114112K
  class space    used 6919K, committed 7360K, reserved 1048576K
}
Event: 9.279 GC heap before
{Heap before GC invocations=135 (full 6):
 PSYoungGen      total 19456K, used 19437K [0x00000000eab00000, 0x00000000ec500000, 0x0000000100000000)
  eden space 14336K, 100% used [0x00000000eab00000,0x00000000eb900000,0x00000000eb900000)
  from space 5120K, 99% used [0x00000000ec000000,0x00000000ec4fb678,0x00000000ec500000)
  to   space 5632K, 0% used [0x00000000eba00000,0x00000000eba00000,0x00000000ebf80000)
 ParOldGen       total 181760K, used 160293K [0x00000000c0000000, 0x00000000cb180000, 0x00000000eab00000)
  object space 181760K, 88% used [0x00000000c0000000,0x00000000c9c897a8,0x00000000cb180000)
 Metaspace       used 65737K, committed 66816K, reserved 1114112K
  class space    used 6948K, committed 7424K, reserved 1048576K
}
Event: 9.284 GC heap after
{Heap after GC invocations=135 (full 6):
 PSYoungGen      total 20992K, used 5625K [0x00000000eab00000, 0x00000000ecb00000, 0x0000000100000000)
  eden space 15360K, 0% used [0x00000000eab00000,0x00000000eab00000,0x00000000eba00000)
  from space 5632K, 99% used [0x00000000eba00000,0x00000000ebf7e6b8,0x00000000ebf80000)
  to   space 8704K, 0% used [0x00000000ec280000,0x00000000ec280000,0x00000000ecb00000)
 ParOldGen       total 181760K, used 162582K [0x00000000c0000000, 0x00000000cb180000, 0x00000000eab00000)
  object space 181760K, 89% used [0x00000000c0000000,0x00000000c9ec59e0,0x00000000cb180000)
 Metaspace       used 65737K, committed 66816K, reserved 1114112K
  class space    used 6948K, committed 7424K, reserved 1048576K
}
Event: 9.346 GC heap before
{Heap before GC invocations=136 (full 6):
 PSYoungGen      total 20992K, used 20985K [0x00000000eab00000, 0x00000000ecb00000, 0x0000000100000000)
  eden space 15360K, 100% used [0x00000000eab00000,0x00000000eba00000,0x00000000eba00000)
  from space 5632K, 99% used [0x00000000eba00000,0x00000000ebf7e6b8,0x00000000ebf80000)
  to   space 8704K, 0% used [0x00000000ec280000,0x00000000ec280000,0x00000000ecb00000)
 ParOldGen       total 181760K, used 162582K [0x00000000c0000000, 0x00000000cb180000, 0x00000000eab00000)
  object space 181760K, 89% used [0x00000000c0000000,0x00000000c9ec59e0,0x00000000cb180000)
 Metaspace       used 66256K, committed 67392K, reserved 1114112K
  class space    used 7013K, committed 7488K, reserved 1048576K
}
Event: 9.351 GC heap after
{Heap after GC invocations=136 (full 6):
 PSYoungGen      total 23040K, used 5958K [0x00000000eab00000, 0x00000000ec900000, 0x0000000100000000)
  eden space 16384K, 0% used [0x00000000eab00000,0x00000000eab00000,0x00000000ebb00000)
  from space 6656K, 89% used [0x00000000ec280000,0x00000000ec851998,0x00000000ec900000)
  to   space 7168K, 0% used [0x00000000ebb00000,0x00000000ebb00000,0x00000000ec200000)
 ParOldGen       total 181760K, used 166158K [0x00000000c0000000, 0x00000000cb180000, 0x00000000eab00000)
  object space 181760K, 91% used [0x00000000c0000000,0x00000000ca2439d8,0x00000000cb180000)
 Metaspace       used 66256K, committed 67392K, reserved 1114112K
  class space    used 7013K, committed 7488K, reserved 1048576K
}
Event: 9.425 GC heap before
{Heap before GC invocations=137 (full 6):
 PSYoungGen      total 23040K, used 21508K [0x00000000eab00000, 0x00000000ec900000, 0x0000000100000000)
  eden space 16384K, 94% used [0x00000000eab00000,0x00000000eba2f8a0,0x00000000ebb00000)
  from space 6656K, 89% used [0x00000000ec280000,0x00000000ec851998,0x00000000ec900000)
  to   space 7168K, 0% used [0x00000000ebb00000,0x00000000ebb00000,0x00000000ec200000)
 ParOldGen       total 181760K, used 166158K [0x00000000c0000000, 0x00000000cb180000, 0x00000000eab00000)
  object space 181760K, 91% used [0x00000000c0000000,0x00000000ca2439d8,0x00000000cb180000)
 Metaspace       used 66682K, committed 67776K, reserved 1114112K
  class space    used 7056K, committed 7552K, reserved 1048576K
}
Event: 9.431 GC heap after
{Heap after GC invocations=137 (full 6):
 PSYoungGen      total 23552K, used 7167K [0x00000000eab00000, 0x00000000ed100000, 0x0000000100000000)
  eden space 16384K, 0% used [0x00000000eab00000,0x00000000eab00000,0x00000000ebb00000)
  from space 7168K, 99% used [0x00000000ebb00000,0x00000000ec1ffe60,0x00000000ec200000)
  to   space 10752K, 0% used [0x00000000ec680000,0x00000000ec680000,0x00000000ed100000)
 ParOldGen       total 181760K, used 168788K [0x00000000c0000000, 0x00000000cb180000, 0x00000000eab00000)
  object space 181760K, 92% used [0x00000000c0000000,0x00000000ca4d5390,0x00000000cb180000)
 Metaspace       used 66682K, committed 67776K, reserved 1114112K
  class space    used 7056K, committed 7552K, reserved 1048576K
}

Dll operation events (11 events):
Event: 0.013 Loaded shared library c:\Users\Bintang\.vscode\extensions\redhat.java-1.37.0-win32-x64\jre\17.0.13-win32-x86_64\bin\java.dll
Event: 0.151 Loaded shared library c:\Users\Bintang\.vscode\extensions\redhat.java-1.37.0-win32-x64\jre\17.0.13-win32-x86_64\bin\zip.dll
Event: 0.155 Loaded shared library C:\Users\Bintang\.vscode\extensions\redhat.java-1.37.0-win32-x64\jre\17.0.13-win32-x86_64\bin\instrument.dll
Event: 0.168 Loaded shared library C:\Users\Bintang\.vscode\extensions\redhat.java-1.37.0-win32-x64\jre\17.0.13-win32-x86_64\bin\net.dll
Event: 0.169 Loaded shared library C:\Users\Bintang\.vscode\extensions\redhat.java-1.37.0-win32-x64\jre\17.0.13-win32-x86_64\bin\nio.dll
Event: 0.176 Loaded shared library C:\Users\Bintang\.vscode\extensions\redhat.java-1.37.0-win32-x64\jre\17.0.13-win32-x86_64\bin\zip.dll
Event: 0.195 Loaded shared library C:\Users\Bintang\.vscode\extensions\redhat.java-1.37.0-win32-x64\jre\17.0.13-win32-x86_64\bin\jimage.dll
Event: 0.264 Loaded shared library c:\Users\Bintang\.vscode\extensions\redhat.java-1.37.0-win32-x64\jre\17.0.13-win32-x86_64\bin\verify.dll
Event: 1.270 Loaded shared library C:\Users\Bintang\AppData\Roaming\Code\User\globalStorage\redhat.java\1.37.0\config_win\org.eclipse.equinox.launcher\org.eclipse.equinox.launcher.win32.win32.x86_64_1.2.1100.v20240722-2106\eclipse_11904.dll
Event: 2.811 Loaded shared library C:\Users\Bintang\AppData\Local\Temp\jna-1556901453\jna7327432589766119189.dll
Event: 9.378 Loaded shared library C:\Users\Bintang\.vscode\extensions\redhat.java-1.37.0-win32-x64\jre\17.0.13-win32-x86_64\bin\sunmscapi.dll

Deoptimization events (20 events):
Event: 9.393 Thread 0x00000278da1b60d0 DEOPT PACKING pc=0x00000278b3e82717 sp=0x000000c2f9dfee50
Event: 9.393 Thread 0x00000278da1b60d0 DEOPT UNPACKING pc=0x00000278ba446e43 sp=0x000000c2f9dfe360 mode 0
Event: 9.397 Thread 0x00000278cc4852c0 DEOPT PACKING pc=0x00000278b3e7e1bb sp=0x000000c2f6bfe470
Event: 9.397 Thread 0x00000278cc4852c0 DEOPT UNPACKING pc=0x00000278ba446e43 sp=0x000000c2f6bfd9d8 mode 0
Event: 9.402 Thread 0x00000278da1b60d0 Uncommon trap: trap_request=0xffffffc6 fr.pc=0x00000278bacb2b98 relative=0x0000000000001818
Event: 9.402 Thread 0x00000278da1b60d0 Uncommon trap: reason=bimorphic_or_optimized_type_check action=maybe_recompile pc=0x00000278bacb2b98 method=java.io.BufferedInputStream.read1([BII)I @ 39 c2
Event: 9.402 Thread 0x00000278da1b60d0 DEOPT PACKING pc=0x00000278bacb2b98 sp=0x000000c2f9dfe1f0
Event: 9.402 Thread 0x00000278da1b60d0 DEOPT UNPACKING pc=0x00000278ba4466a3 sp=0x000000c2f9dfe238 mode 2
Event: 9.403 Thread 0x00000278da1b60d0 Uncommon trap: trap_request=0xffffffc6 fr.pc=0x00000278bacb2b98 relative=0x0000000000001818
Event: 9.403 Thread 0x00000278da1b60d0 Uncommon trap: reason=bimorphic_or_optimized_type_check action=maybe_recompile pc=0x00000278bacb2b98 method=java.io.BufferedInputStream.read1([BII)I @ 39 c2
Event: 9.403 Thread 0x00000278da1b60d0 DEOPT PACKING pc=0x00000278bacb2b98 sp=0x000000c2f9dfe180
Event: 9.403 Thread 0x00000278da1b60d0 DEOPT UNPACKING pc=0x00000278ba4466a3 sp=0x000000c2f9dfe1c8 mode 2
Event: 9.405 Thread 0x00000278da1b60d0 Uncommon trap: trap_request=0xffffffc6 fr.pc=0x00000278bacb2b98 relative=0x0000000000001818
Event: 9.405 Thread 0x00000278da1b60d0 Uncommon trap: reason=bimorphic_or_optimized_type_check action=maybe_recompile pc=0x00000278bacb2b98 method=java.io.BufferedInputStream.read1([BII)I @ 39 c2
Event: 9.405 Thread 0x00000278da1b60d0 DEOPT PACKING pc=0x00000278bacb2b98 sp=0x000000c2f9dfe1f0
Event: 9.405 Thread 0x00000278da1b60d0 DEOPT UNPACKING pc=0x00000278ba4466a3 sp=0x000000c2f9dfe238 mode 2
Event: 9.411 Thread 0x00000278cc4852c0 DEOPT PACKING pc=0x00000278b3e7e1bb sp=0x000000c2f6bfe470
Event: 9.411 Thread 0x00000278cc4852c0 DEOPT UNPACKING pc=0x00000278ba446e43 sp=0x000000c2f6bfd9d8 mode 0
Event: 9.419 Thread 0x00000278cc4852c0 DEOPT PACKING pc=0x00000278b3e7e1bb sp=0x000000c2f6bfe470
Event: 9.419 Thread 0x00000278cc4852c0 DEOPT UNPACKING pc=0x00000278ba446e43 sp=0x000000c2f6bfd9d8 mode 0

Classes loaded (20 events):
Event: 9.410 Loading class com/sun/crypto/provider/AESCrypt
Event: 9.411 Loading class com/sun/crypto/provider/AESConstants
Event: 9.411 Loading class com/sun/crypto/provider/AESConstants done
Event: 9.411 Loading class com/sun/crypto/provider/SymmetricCipher
Event: 9.411 Loading class com/sun/crypto/provider/SymmetricCipher done
Event: 9.411 Loading class com/sun/crypto/provider/AESCrypt done
Event: 9.417 Loading class com/sun/crypto/provider/ElectronicCodeBook
Event: 9.417 Loading class com/sun/crypto/provider/FeedbackCipher
Event: 9.418 Loading class com/sun/crypto/provider/FeedbackCipher done
Event: 9.418 Loading class com/sun/crypto/provider/ElectronicCodeBook done
Event: 9.418 Loading class com/sun/crypto/provider/PKCS5Padding
Event: 9.418 Loading class com/sun/crypto/provider/Padding
Event: 9.418 Loading class com/sun/crypto/provider/Padding done
Event: 9.419 Loading class com/sun/crypto/provider/PKCS5Padding done
Event: 9.419 Loading class com/sun/crypto/provider/CipherBlockChaining
Event: 9.419 Loading class com/sun/crypto/provider/CipherBlockChaining done
Event: 9.419 Loading class javax/crypto/NullCipher
Event: 9.419 Loading class javax/crypto/NullCipher done
Event: 9.420 Loading class sun/security/util/ArrayUtil
Event: 9.420 Loading class sun/security/util/ArrayUtil done

Classes unloaded (14 events):
Event: 3.992 Thread 0x00000278b039c320 Unloading class 0x0000000100250000 'java/lang/invoke/LambdaForm$MH+0x0000000100250000'
Event: 3.992 Thread 0x00000278b039c320 Unloading class 0x000000010024fc00 'java/lang/invoke/LambdaForm$MH+0x000000010024fc00'
Event: 3.992 Thread 0x00000278b039c320 Unloading class 0x000000010024f800 'java/lang/invoke/LambdaForm$MH+0x000000010024f800'
Event: 3.992 Thread 0x00000278b039c320 Unloading class 0x000000010024f400 'java/lang/invoke/LambdaForm$MH+0x000000010024f400'
Event: 3.992 Thread 0x00000278b039c320 Unloading class 0x000000010024f000 'java/lang/invoke/LambdaForm$BMH+0x000000010024f000'
Event: 3.992 Thread 0x00000278b039c320 Unloading class 0x000000010024ec00 'java/lang/invoke/LambdaForm$DMH+0x000000010024ec00'
Event: 3.992 Thread 0x00000278b039c320 Unloading class 0x000000010024c400 'java/lang/invoke/LambdaForm$DMH+0x000000010024c400'
Event: 6.302 Thread 0x00000278b039c320 Unloading class 0x0000000100410c00 'java/lang/invoke/LambdaForm$MH+0x0000000100410c00'
Event: 6.302 Thread 0x00000278b039c320 Unloading class 0x0000000100410000 'java/lang/invoke/LambdaForm$MH+0x0000000100410000'
Event: 6.302 Thread 0x00000278b039c320 Unloading class 0x000000010040f800 'java/lang/invoke/LambdaForm$MH+0x000000010040f800'
Event: 6.302 Thread 0x00000278b039c320 Unloading class 0x000000010040f000 'java/lang/invoke/LambdaForm$MH+0x000000010040f000'
Event: 6.302 Thread 0x00000278b039c320 Unloading class 0x000000010040ec00 'java/lang/invoke/LambdaForm$DMH+0x000000010040ec00'
Event: 6.302 Thread 0x00000278b039c320 Unloading class 0x000000010040e000 'java/lang/invoke/LambdaForm$MH+0x000000010040e000'
Event: 6.302 Thread 0x00000278b039c320 Unloading class 0x000000010040d800 'java/lang/invoke/LambdaForm$MH+0x000000010040d800'

Classes redefined (0 events):
No events

Internal exceptions (20 events):
Event: 9.358 Thread 0x00000278cc4857d0 Exception <a 'sun/nio/fs/WindowsException'{0x00000000eac219f0}> (0x00000000eac219f0) 
thrown [s\src\hotspot\share\prims\jni.cpp, line 516]
Event: 9.358 Thread 0x00000278cc4857d0 Exception <a 'sun/nio/fs/WindowsException'{0x00000000eac222f0}> (0x00000000eac222f0) 
thrown [s\src\hotspot\share\prims\jni.cpp, line 516]
Event: 9.358 Thread 0x00000278cc4857d0 Exception <a 'sun/nio/fs/WindowsException'{0x00000000eac9f540}> (0x00000000eac9f540) 
thrown [s\src\hotspot\share\prims\jni.cpp, line 516]
Event: 9.358 Thread 0x00000278cc4857d0 Exception <a 'sun/nio/fs/WindowsException'{0x00000000eac9fe20}> (0x00000000eac9fe20) 
thrown [s\src\hotspot\share\prims\jni.cpp, line 516]
Event: 9.360 Thread 0x00000278cc4857d0 Exception <a 'sun/nio/fs/WindowsException'{0x00000000eace5200}> (0x00000000eace5200) 
thrown [s\src\hotspot\share\prims\jni.cpp, line 516]
Event: 9.360 Thread 0x00000278cc4857d0 Exception <a 'sun/nio/fs/WindowsException'{0x00000000eace5ae0}> (0x00000000eace5ae0) 
thrown [s\src\hotspot\share\prims\jni.cpp, line 516]
Event: 9.363 Thread 0x00000278ce5dc5e0 Exception <a 'sun/nio/fs/WindowsException'{0x00000000ead6b130}> (0x00000000ead6b130) 
thrown [s\src\hotspot\share\prims\jni.cpp, line 516]
Event: 9.364 Thread 0x00000278ce5dc5e0 Exception <a 'sun/nio/fs/WindowsException'{0x00000000ead6b768}> (0x00000000ead6b768) 
thrown [s\src\hotspot\share\prims\jni.cpp, line 516]
Event: 9.364 Thread 0x00000278ce5dc5e0 Exception <a 'sun/nio/fs/WindowsException'{0x00000000ead6c390}> (0x00000000ead6c390) 
thrown [s\src\hotspot\share\prims\jni.cpp, line 516]
Event: 9.364 Thread 0x00000278ce5dc5e0 Exception <a 'sun/nio/fs/WindowsException'{0x00000000eae26e60}> (0x00000000eae26e60) 
thrown [s\src\hotspot\share\prims\jni.cpp, line 516]
Event: 9.368 Thread 0x00000278ce5dc5e0 Exception <a 'sun/nio/fs/WindowsException'{0x00000000eaea1ed0}> (0x00000000eaea1ed0) 
thrown [s\src\hotspot\share\prims\jni.cpp, line 516]
Event: 9.368 Thread 0x00000278ce5dc5e0 Exception <a 'sun/nio/fs/WindowsException'{0x00000000eaea2508}> (0x00000000eaea2508) 
thrown [s\src\hotspot\share\prims\jni.cpp, line 516]
Event: 9.382 Thread 0x00000278ce5dc5e0 Exception <a 'sun/nio/fs/WindowsException'{0x00000000eb06cd70}> (0x00000000eb06cd70) 
thrown [s\src\hotspot\share\prims\jni.cpp, line 516]
Event: 9.382 Thread 0x00000278ce5dc5e0 Exception <a 'sun/nio/fs/WindowsException'{0x00000000eb06d3a8}> (0x00000000eb06d3a8) 
thrown [s\src\hotspot\share\prims\jni.cpp, line 516]
Event: 9.383 Thread 0x00000278ce5dc5e0 Exception <a 'sun/nio/fs/WindowsException'{0x00000000eb06dfe8}> (0x00000000eb06dfe8) 
thrown [s\src\hotspot\share\prims\jni.cpp, line 516]
Event: 9.383 Thread 0x00000278ce5dc5e0 Exception <a 'sun/nio/fs/WindowsException'{0x00000000eb06e620}> (0x00000000eb06e620) 
thrown [s\src\hotspot\share\prims\jni.cpp, line 516]
Event: 9.388 Thread 0x00000278ce5dc5e0 Exception <a 'sun/nio/fs/WindowsException'{0x00000000eb1f2658}> (0x00000000eb1f2658) 
thrown [s\src\hotspot\share\prims\jni.cpp, line 516]
Event: 9.388 Thread 0x00000278ce5dc5e0 Exception <a 'sun/nio/fs/WindowsException'{0x00000000eb1f2c90}> (0x00000000eb1f2c90) 
thrown [s\src\hotspot\share\prims\jni.cpp, line 516]
Event: 9.395 Thread 0x00000278da1b60d0 Exception <a 'sun/nio/fs/WindowsException'{0x00000000eb420b48}> (0x00000000eb420b48) 
thrown [s\src\hotspot\share\prims\jni.cpp, line 516]
Event: 9.433 Thread 0x00000278ce5dda20 Exception <a 'sun/nio/fs/WindowsException'{0x00000000eae68fc0}> (0x00000000eae68fc0) 
thrown [s\src\hotspot\share\prims\jni.cpp, line 516]

VM Operations (20 events):
Event: 9.081 Executing VM operation: HandshakeAllThreads
Event: 9.081 Executing VM operation: HandshakeAllThreads done
Event: 9.097 Executing VM operation: ParallelGCFailedAllocation
Event: 9.101 Executing VM operation: ParallelGCFailedAllocation done
Event: 9.161 Executing VM operation: ParallelGCFailedAllocation
Event: 9.165 Executing VM operation: ParallelGCFailedAllocation done
Event: 9.223 Executing VM operation: ParallelGCFailedAllocation
Event: 9.226 Executing VM operation: ParallelGCFailedAllocation done
Event: 9.279 Executing VM operation: ParallelGCFailedAllocation
Event: 9.284 Executing VM operation: ParallelGCFailedAllocation done
Event: 9.345 Executing VM operation: ParallelGCFailedAllocation
Event: 9.351 Executing VM operation: ParallelGCFailedAllocation done
Event: 9.364 Executing VM operation: HandshakeAllThreads
Event: 9.364 Executing VM operation: HandshakeAllThreads done
Event: 9.366 Executing VM operation: HandshakeAllThreads
Event: 9.366 Executing VM operation: HandshakeAllThreads done
Event: 9.398 Executing VM operation: HandshakeAllThreads
Event: 9.398 Executing VM operation: HandshakeAllThreads done
Event: 9.425 Executing VM operation: ParallelGCFailedAllocation
Event: 9.431 Executing VM operation: ParallelGCFailedAllocation done

Memory protections (0 events):
No events

Nmethod flushes (20 events):
Event: 5.229 Thread 0x00000278c938aaf0 flushing  nmethod 0x00000278b3b66710
Event: 5.229 Thread 0x00000278c938aaf0 flushing  nmethod 0x00000278b3b67590
Event: 5.229 Thread 0x00000278c938aaf0 flushing  nmethod 0x00000278b3b67910
Event: 5.229 Thread 0x00000278c938aaf0 flushing  nmethod 0x00000278b3b67d10
Event: 5.229 Thread 0x00000278c938aaf0 flushing  nmethod 0x00000278b3b68b10
Event: 5.229 Thread 0x00000278c938aaf0 flushing  nmethod 0x00000278b3b69390
Event: 5.229 Thread 0x00000278c938aaf0 flushing  nmethod 0x00000278b3b80310
Event: 5.229 Thread 0x00000278c938aaf0 flushing  nmethod 0x00000278b3b84810
Event: 7.564 Thread 0x00000278c938aaf0 flushing  nmethod 0x00000278bad75310
Event: 7.575 Thread 0x00000278c938aaf0 flushing  nmethod 0x00000278b3a1d910
Event: 7.575 Thread 0x00000278c938aaf0 flushing  nmethod 0x00000278b3a21c10
Event: 7.575 Thread 0x00000278c938aaf0 flushing  nmethod 0x00000278b3a22890
Event: 7.575 Thread 0x00000278c938aaf0 flushing  nmethod 0x00000278b3a46110
Event: 7.575 Thread 0x00000278c938aaf0 flushing  nmethod 0x00000278b3a5e590
Event: 7.576 Thread 0x00000278c938aaf0 flushing  nmethod 0x00000278b3a68c10
Event: 7.576 Thread 0x00000278c938aaf0 flushing  nmethod 0x00000278b3a71490
Event: 7.576 Thread 0x00000278c938aaf0 flushing  nmethod 0x00000278b3a97a90
Event: 7.577 Thread 0x00000278c938aaf0 flushing  nmethod 0x00000278b3ab7690
Event: 7.577 Thread 0x00000278c938aaf0 flushing  nmethod 0x00000278b3ad1090
Event: 7.577 Thread 0x00000278c938aaf0 flushing  nmethod 0x00000278b3ad2d10

Events (20 events):
Event: 8.677 Thread 0x00000278cc484db0 Thread added: 0x00000278cea40080
Event: 8.677 Thread 0x00000278cc484db0 Thread added: 0x00000278cea3cde0
Event: 8.737 Thread 0x00000278cc484db0 Thread added: 0x00000278cea40590
Event: 8.747 Thread 0x00000278c93825e0 Thread added: 0x00000278cf48de50
Event: 8.748 Thread 0x00000278cc484db0 Thread added: 0x00000278cea3b9a0
Event: 8.766 Thread 0x00000278cc484db0 Thread added: 0x00000278cea40aa0
Event: 9.108 Thread 0x00000278ce5de950 Thread added: 0x00000278cea40fb0
Event: 9.315 Thread 0x00000278ce5de950 Thread added: 0x00000278cea414c0
Event: 9.317 Thread 0x00000278ce5de950 Thread added: 0x00000278cea3a050
Event: 9.318 Thread 0x00000278ce5de950 Thread added: 0x00000278cea419d0
Event: 9.319 Thread 0x00000278ce5de950 Thread added: 0x00000278cea3d2f0
Event: 9.320 Thread 0x00000278ce5de950 Thread added: 0x00000278cea3a560
Event: 9.321 Thread 0x00000278cea3a560 Thread added: 0x00000278cea3af80
Event: 9.322 Thread 0x00000278cea3af80 Thread added: 0x00000278cea3beb0
Event: 9.323 Thread 0x00000278cea3beb0 Thread added: 0x00000278cea3d800
Event: 9.324 Thread 0x00000278cea3d800 Thread added: 0x00000278cc4857d0
Event: 9.339 Thread 0x00000278cc4857d0 Thread added: 0x00000278da1b60d0
Event: 9.437 Thread 0x00000278ce5dda20 Thread added: 0x00000278da1b7000
Event: 9.437 Thread 0x00000278ce5dda20 Thread added: 0x00000278da1b65e0
Event: 9.437 Thread 0x00000278ce5dda20 Thread added: 0x00000278da1ba2a0


Dynamic libraries:
0x00007ff6e6490000 - 0x00007ff6e649e000 	c:\Users\Bintang\.vscode\extensions\redhat.java-1.37.0-win32-x64\jre\17.0.13-win32-x86_64\bin\java.exe
0x00007ff995030000 - 0x00007ff995247000 	C:\Windows\SYSTEM32\ntdll.dll
0x00007ff94b320000 - 0x00007ff94b33a000 	C:\Program Files\Avast Software\Avast\aswhook.dll
0x00007ff993c80000 - 0x00007ff993d44000 	C:\Windows\System32\KERNEL32.DLL
0x00007ff992690000 - 0x00007ff992a49000 	C:\Windows\System32\KERNELBASE.dll
0x00007ff992330000 - 0x00007ff992441000 	C:\Windows\System32\ucrtbase.dll
0x00007ff989670000 - 0x00007ff989687000 	c:\Users\Bintang\.vscode\extensions\redhat.java-1.37.0-win32-x64\jre\17.0.13-win32-x86_64\bin\jli.dll
0x00007ff94d270000 - 0x00007ff94d28e000 	c:\Users\Bintang\.vscode\extensions\redhat.java-1.37.0-win32-x64\jre\17.0.13-win32-x86_64\bin\VCRUNTIME140.dll
0x00007ff993d60000 - 0x00007ff993f0e000 	C:\Windows\System32\USER32.dll
0x00007ff992660000 - 0x00007ff992686000 	C:\Windows\System32\win32u.dll
0x00007ff974020000 - 0x00007ff9742b2000 	C:\Windows\WinSxS\amd64_microsoft.windows.common-controls_6595b64144ccf1df_6.0.22621.4391_none_2715d37f73803e96\COMCTL32.dll
0x00007ff9944d0000 - 0x00007ff9944f9000 	C:\Windows\System32\GDI32.dll
0x00007ff994210000 - 0x00007ff9942b7000 	C:\Windows\System32\msvcrt.dll
0x00007ff992a50000 - 0x00007ff992b6b000 	C:\Windows\System32\gdi32full.dll
0x00007ff9925c0000 - 0x00007ff99265a000 	C:\Windows\System32\msvcp_win.dll
0x00007ff993090000 - 0x00007ff9930c1000 	C:\Windows\System32\IMM32.DLL
0x00007ff976820000 - 0x00007ff97682c000 	c:\Users\Bintang\.vscode\extensions\redhat.java-1.37.0-win32-x64\jre\17.0.13-win32-x86_64\bin\vcruntime140_1.dll
0x00007ff933720000 - 0x00007ff9337ad000 	c:\Users\Bintang\.vscode\extensions\redhat.java-1.37.0-win32-x64\jre\17.0.13-win32-x86_64\bin\msvcp140.dll
0x00007ff868750000 - 0x00007ff8693bb000 	c:\Users\Bintang\.vscode\extensions\redhat.java-1.37.0-win32-x64\jre\17.0.13-win32-x86_64\bin\server\jvm.dll
0x00007ff993810000 - 0x00007ff9938c2000 	C:\Windows\System32\ADVAPI32.dll
0x00007ff993fa0000 - 0x00007ff994047000 	C:\Windows\System32\sechost.dll
0x00007ff992be0000 - 0x00007ff992c08000 	C:\Windows\System32\bcrypt.dll
0x00007ff992d50000 - 0x00007ff992e64000 	C:\Windows\System32\RPCRT4.dll
0x00007ff993f10000 - 0x00007ff993f81000 	C:\Windows\System32\WS2_32.dll
0x00007ff9894f0000 - 0x00007ff989524000 	C:\Windows\SYSTEM32\WINMM.dll
0x00007ff988240000 - 0x00007ff98824a000 	C:\Windows\SYSTEM32\VERSION.dll
0x00007ff991190000 - 0x00007ff9911dd000 	C:\Windows\SYSTEM32\POWRPROF.dll
0x00007ff991170000 - 0x00007ff991183000 	C:\Windows\SYSTEM32\UMPDC.dll
0x00007ff991440000 - 0x00007ff991458000 	C:\Windows\SYSTEM32\kernel.appcore.dll
0x00007ff9661d0000 - 0x00007ff9661da000 	c:\Users\Bintang\.vscode\extensions\redhat.java-1.37.0-win32-x64\jre\17.0.13-win32-x86_64\bin\jimage.dll
0x00007ff98fda0000 - 0x00007ff98ffd2000 	C:\Windows\SYSTEM32\DBGHELP.DLL
0x00007ff9938f0000 - 0x00007ff993c7f000 	C:\Windows\System32\combase.dll
0x00007ff9930d0000 - 0x00007ff9931a7000 	C:\Windows\System32\OLEAUT32.dll
0x00007ff987b50000 - 0x00007ff987b82000 	C:\Windows\SYSTEM32\dbgcore.DLL
0x00007ff992c10000 - 0x00007ff992c8b000 	C:\Windows\System32\bcryptPrimitives.dll
0x00007ff966040000 - 0x00007ff96604e000 	c:\Users\Bintang\.vscode\extensions\redhat.java-1.37.0-win32-x64\jre\17.0.13-win32-x86_64\bin\instrument.dll
0x00007ff949bd0000 - 0x00007ff949bf5000 	c:\Users\Bintang\.vscode\extensions\redhat.java-1.37.0-win32-x64\jre\17.0.13-win32-x86_64\bin\java.dll
0x00007ff94c860000 - 0x00007ff94c878000 	c:\Users\Bintang\.vscode\extensions\redhat.java-1.37.0-win32-x64\jre\17.0.13-win32-x86_64\bin\zip.dll
0x00007ff994560000 - 0x00007ff994dd6000 	C:\Windows\System32\SHELL32.dll
0x00007ff990230000 - 0x00007ff990b33000 	C:\Windows\SYSTEM32\windows.storage.dll
0x00007ff9900f0000 - 0x00007ff99022f000 	C:\Windows\SYSTEM32\wintypes.dll
0x00007ff994050000 - 0x00007ff994149000 	C:\Windows\System32\SHCORE.dll
0x00007ff994500000 - 0x00007ff99455e000 	C:\Windows\System32\shlwapi.dll
0x00007ff992260000 - 0x00007ff99228b000 	C:\Windows\SYSTEM32\profapi.dll
0x00007ff94b880000 - 0x00007ff94b899000 	C:\Users\Bintang\.vscode\extensions\redhat.java-1.37.0-win32-x64\jre\17.0.13-win32-x86_64\bin\net.dll
0x00007ff98ec60000 - 0x00007ff98ed96000 	C:\Windows\SYSTEM32\WINHTTP.dll
0x00007ff9918e0000 - 0x00007ff991949000 	C:\Windows\system32\mswsock.dll
0x00007ff949bb0000 - 0x00007ff949bc6000 	C:\Users\Bintang\.vscode\extensions\redhat.java-1.37.0-win32-x64\jre\17.0.13-win32-x86_64\bin\nio.dll
0x00007ff965fe0000 - 0x00007ff965ff0000 	c:\Users\Bintang\.vscode\extensions\redhat.java-1.37.0-win32-x64\jre\17.0.13-win32-x86_64\bin\verify.dll
0x00007ff93cfd0000 - 0x00007ff93d015000 	C:\Users\Bintang\AppData\Roaming\Code\User\globalStorage\redhat.java\1.37.0\config_win\org.eclipse.equinox.launcher\org.eclipse.equinox.launcher.win32.win32.x86_64_1.2.1100.v20240722-2106\eclipse_11904.dll
0x00007ff994de0000 - 0x00007ff994f85000 	C:\Windows\System32\ole32.dll
0x00007ff991b30000 - 0x00007ff991b4b000 	C:\Windows\SYSTEM32\CRYPTSP.dll
0x00007ff991390000 - 0x00007ff9913c5000 	C:\Windows\system32\rsaenh.dll
0x00007ff9919d0000 - 0x00007ff9919f8000 	C:\Windows\SYSTEM32\USERENV.dll
0x00007ff991b50000 - 0x00007ff991b5c000 	C:\Windows\SYSTEM32\CRYPTBASE.dll
0x00007ff990d90000 - 0x00007ff990dbd000 	C:\Windows\SYSTEM32\IPHLPAPI.DLL
0x00007ff993d50000 - 0x00007ff993d59000 	C:\Windows\System32\NSI.dll
0x00007ff989c90000 - 0x00007ff989ca9000 	C:\Windows\SYSTEM32\dhcpcsvc6.DLL
0x00007ff989c70000 - 0x00007ff989c8f000 	C:\Windows\SYSTEM32\dhcpcsvc.DLL
0x00007ff990dc0000 - 0x00007ff990ec2000 	C:\Windows\SYSTEM32\DNSAPI.dll
0x00007ff934050000 - 0x00007ff934099000 	C:\Users\Bintang\AppData\Local\Temp\jna-1556901453\jna7327432589766119189.dll
0x00007ff994150000 - 0x00007ff994158000 	C:\Windows\System32\PSAPI.DLL
0x00007ff969f90000 - 0x00007ff969f9e000 	C:\Users\Bintang\.vscode\extensions\redhat.java-1.37.0-win32-x64\jre\17.0.13-win32-x86_64\bin\sunmscapi.dll
0x00007ff992450000 - 0x00007ff9925b6000 	C:\Windows\System32\CRYPT32.dll
0x00007ff991cd0000 - 0x00007ff991cfd000 	C:\Windows\SYSTEM32\ncrypt.dll
0x00007ff991c90000 - 0x00007ff991cc7000 	C:\Windows\SYSTEM32\NTASN1.dll

dbghelp: loaded successfully - version: 4.0.5 - missing functions: none
symbol engine: initialized successfully - sym options: 0x614 - pdb path: .;c:\Users\Bintang\.vscode\extensions\redhat.java-1.37.0-win32-x64\jre\17.0.13-win32-x86_64\bin;C:\Windows\SYSTEM32;C:\Program Files\Avast Software\Avast;C:\Windows\WinSxS\amd64_microsoft.windows.common-controls_6595b64144ccf1df_6.0.22621.4391_none_2715d37f73803e96;c:\Users\Bintang\.vscode\extensions\redhat.java-1.37.0-win32-x64\jre\17.0.13-win32-x86_64\bin\server;C:\Users\Bintang\AppData\Roaming\Code\User\globalStorage\redhat.java\1.37.0\config_win\org.eclipse.equinox.launcher\org.eclipse.equinox.launcher.win32.win32.x86_64_1.2.1100.v20240722-2106;C:\Users\Bintang\AppData\Local\Temp\jna-1556901453

VM Arguments:
jvm_args: --add-modules=ALL-SYSTEM --add-opens=java.base/java.util=ALL-UNNAMED --add-opens=java.base/java.lang=ALL-UNNAMED --add-opens=java.base/sun.nio.fs=ALL-UNNAMED -Declipse.application=org.eclipse.jdt.ls.core.id1 -Dosgi.bundles.defaultStartLevel=4 -Declipse.product=org.eclipse.jdt.ls.core.product -Djava.import.generatesMetadataFilesAtProjectRoot=false -DDetectVMInstallationsJob.disabled=true -Dfile.encoding=utf8 -XX:+UseParallelGC -XX:GCTimeRatio=4 -XX:AdaptiveSizePolicyWeight=90 -Dsun.zip.disableMemoryMapping=true -Xmx1G -Xms100m -Xlog:disable -javaagent:c:\Users\Bintang\.vscode\extensions\redhat.java-1.37.0-win32-x64\lombok\lombok-1.18.34.jar -XX:+HeapDumpOnOutOfMemoryError -XX:HeapDumpPath=c:\Users\Bintang\AppData\Roaming\Code\User\workspaceStorage\ce917352764322bf7b911b003575759b\redhat.java -Daether.dependencyCollector.impl=bf 
java_command: c:\Users\Bintang\.vscode\extensions\redhat.java-1.37.0-win32-x64\server\plugins\org.eclipse.equinox.launcher_1.6.900.v20240613-2009.jar -configuration c:\Users\Bintang\AppData\Roaming\Code\User\globalStorage\redhat.java\1.37.0\config_win -data c:\Users\Bintang\AppData\Roaming\Code\User\workspaceStorage\ce917352764322bf7b911b003575759b\redhat.java\jdt_ws --pipe=\\.\pipe\lsp-3e576ae1219d1b5f502a7a5bb8ac9957-sock
java_class_path (initial): c:\Users\Bintang\.vscode\extensions\redhat.java-1.37.0-win32-x64\server\plugins\org.eclipse.equinox.launcher_1.6.900.v20240613-2009.jar
Launcher Type: SUN_STANDARD

[Global flags]
    uintx AdaptiveSizePolicyWeight                 = 90                                        {product} {command line}
     intx CICompilerCount                          = 12                                        {product} {ergonomic}
    uintx GCTimeRatio                              = 4                                         {product} {command line}
     bool HeapDumpOnOutOfMemoryError               = true                                   {manageable} {command line}
    ccstr HeapDumpPath                             = c:\Users\Bintang\AppData\Roaming\Code\User\workspaceStorage\ce917352764322bf7b911b003575759b\redhat.java         {manageable} {command line}
   size_t InitialHeapSize                          = 104857600                                 {product} {command line}
   size_t MaxHeapSize                              = 1073741824                                {product} {command line}
   size_t MaxNewSize                               = 357564416                                 {product} {ergonomic}
   size_t MinHeapDeltaBytes                        = 524288                                    {product} {ergonomic}
   size_t MinHeapSize                              = 104857600                                 {product} {command line}
   size_t NewSize                                  = 34603008                                  {product} {ergonomic}
    uintx NonNMethodCodeHeapSize                   = 7602480                                {pd product} {ergonomic}
    uintx NonProfiledCodeHeapSize                  = 122027880                              {pd product} {ergonomic}
   size_t OldSize                                  = 70254592                                  {product} {ergonomic}
    uintx ProfiledCodeHeapSize                     = 122027880                              {pd product} {ergonomic}
    uintx ReservedCodeCacheSize                    = 251658240                              {pd product} {ergonomic}
     bool SegmentedCodeCache                       = true                                      {product} {ergonomic}
   size_t SoftMaxHeapSize                          = 1073741824                             {manageable} {ergonomic}
     bool UseCompressedClassPointers               = true                           {product lp64_product} {ergonomic}
     bool UseCompressedOops                        = true                           {product lp64_product} {ergonomic}
     bool UseLargePagesIndividualAllocation        = false                                  {pd product} {ergonomic}
     bool UseParallelGC                            = true                                      {product} {command line}

Logging:
Log output configuration:
 #0: stdout all=off uptime,level,tags
 #1: stderr all=off uptime,level,tags

Environment Variables:
PATH=C:\Program Files\Common Files\Oracle\Java\javapath;C:\Program Files (x86)\Common Files\Oracle\Java\java8path;C:\Program Files (x86)\Common Files\Oracle\Java\javapath;C:\Windows\system32;C:\Windows;C:\Windows\System32\Wbem;C:\Windows\System32\WindowsPowerShell\v1.0\;C:\Windows\System32\OpenSSH\;C:\Program Files (x86)\NVIDIA Corporation\PhysX\Common;C:\Program Files\NVIDIA Corporation\NVIDIA NvDLISR;C:\ProgramData\chocolatey\bin;C:\xampp\mysql\bin;C:\php;C:\Program Files\Git\cmd;C:\Program Files\nodejs\;C:\Users\Bintang\AppData\Local\Programs\Python\Python312\Scripts\;C:\Users\Bintang\AppData\Local\Programs\Python\Python312\;C:\Users\Bintang\AppData\Local\Microsoft\WindowsApps;;C:\Users\Bintang\AppData\Local\Programs\Microsoft VS Code\bin;C:\Users\Bintang\AppData\Roaming\npm
USERNAME=Bintang
OS=Windows_NT
PROCESSOR_IDENTIFIER=Intel64 Family 6 Model 154 Stepping 3, GenuineIntel
TMP=C:\Users\Bintang\AppData\Local\Temp
TEMP=C:\Users\Bintang\AppData\Local\Temp



Periodic native trim disabled


---------------  S Y S T E M  ---------------

OS:
 Windows 11 , 64 bit Build 22621 (10.0.22621.4391)
OS uptime: 7 days 13:36 hours
Hyper-V role detected

CPU: total 20 (initial active 20) (10 cores per cpu, 2 threads per core) family 6 model 154 stepping 3 microcode 0x413, cx8, cmov, fxsr, ht, mmx, 3dnowpref, sse, sse2, sse3, ssse3, sse4.1, sse4.2, popcnt, lzcnt, tsc, tscinvbit, avx, avx2, aes, erms, clmul, bmi1, bmi2, adx, sha, fma, vzeroupper, clflush, clflushopt, clwb, hv
Processor Information for processor 0
  Max Mhz: 2700, Current Mhz: 2700, Mhz Limit: 2700
Processor Information for processor 1
  Max Mhz: 2700, Current Mhz: 2700, Mhz Limit: 2700
Processor Information for processor 2
  Max Mhz: 2700, Current Mhz: 2700, Mhz Limit: 2700
Processor Information for processor 3
  Max Mhz: 2700, Current Mhz: 2700, Mhz Limit: 2700
Processor Information for processor 4
  Max Mhz: 2700, Current Mhz: 2700, Mhz Limit: 2700
Processor Information for processor 5
  Max Mhz: 2700, Current Mhz: 2700, Mhz Limit: 2700
Processor Information for processor 6
  Max Mhz: 2700, Current Mhz: 2700, Mhz Limit: 2700
Processor Information for processor 7
  Max Mhz: 2700, Current Mhz: 2700, Mhz Limit: 2700
Processor Information for processor 8
  Max Mhz: 2700, Current Mhz: 2700, Mhz Limit: 2700
Processor Information for processor 9
  Max Mhz: 2700, Current Mhz: 2700, Mhz Limit: 2700
Processor Information for processor 10
  Max Mhz: 2700, Current Mhz: 2700, Mhz Limit: 2700
Processor Information for processor 11
  Max Mhz: 2700, Current Mhz: 2700, Mhz Limit: 2700
Processor Information for processor 12
  Max Mhz: 2700, Current Mhz: 1995, Mhz Limit: 1971
Processor Information for processor 13
  Max Mhz: 2700, Current Mhz: 1995, Mhz Limit: 1971
Processor Information for processor 14
  Max Mhz: 2700, Current Mhz: 1995, Mhz Limit: 1971
Processor Information for processor 15
  Max Mhz: 2700, Current Mhz: 1995, Mhz Limit: 1971
Processor Information for processor 16
  Max Mhz: 2700, Current Mhz: 1995, Mhz Limit: 1971
Processor Information for processor 17
  Max Mhz: 2700, Current Mhz: 1995, Mhz Limit: 1971
Processor Information for processor 18
  Max Mhz: 2700, Current Mhz: 1995, Mhz Limit: 1971
Processor Information for processor 19
  Max Mhz: 2700, Current Mhz: 1995, Mhz Limit: 1971

Memory: 4k page, system-wide physical 7892M (352M free)
TotalPageFile size 28751M (AvailPageFile size 113M)
current process WorkingSet (physical memory assigned to process): 490M, peak: 491M
current process commit charge ("private bytes"): 516M, peak: 516M

vm_info: OpenJDK 64-Bit Server VM (17.0.13+11) for windows-amd64 JRE (17.0.13+11), built on Oct 16 2024 00:10:08 by "admin" with MS VC++ 17.7 (VS2022)

END.
