#
# There is insufficient memory for the Java Runtime Environment to continue.
# Native memory allocation (mmap) failed to map 130023424 bytes. Error detail: G1 virtual space
# Possible reasons:
#   The system is out of physical RAM or swap space
#   This process is running with CompressedOops enabled, and the Java Heap may be blocking the growth of the native heap
# Possible solutions:
#   Reduce memory load on the system
#   Increase physical memory or swap space
#   Check if swap backing store is full
#   Decrease Java heap size (-Xmx/-Xms)
#   Decrease number of Java threads
#   Decrease Java thread stack sizes (-Xss)
#   Set larger code cache with -XX:ReservedCodeCacheSize=
#   JVM is running with Unscaled Compressed Oops mode in which the Java heap is
#     placed in the first 4GB address space. The Java Heap base address is the
#     maximum limit for the native heap growth. Please use -XX:HeapBaseMinAddress
#     to set the Java Heap base and to place the Java Heap above 4GB virtual address.
# This output file may be truncated or incomplete.
#
#  Out of Memory Error (os_windows.cpp:3703), pid=9296, tid=31156
#
# JRE version:  (23.0+37) (build )
# Java VM: Java HotSpot(TM) 64-Bit Server VM (23+37-2369, mixed mode, sharing, tiered, compressed oops, compressed class ptrs, g1 gc, windows-amd64)
# No core dump will be written. Minidumps are not enabled by default on client versions of Windows
#

---------------  S U M M A R Y ------------

Command Line: --enable-preview -XX:+ShowCodeDetailsInExceptionMessages App

Host: 12th Gen Intel(R) Core(TM) i7-12700H, 20 cores, 7G,  Windows 11 , 64 bit Build 22621 (10.0.22621.4391)
Time: Wed Dec 11 02:03:07 2024 SE Asia Standard Time elapsed time: 0.024238 seconds (0d 0h 0m 0s)

---------------  T H R E A D  ---------------

Current thread (0x0000017ea00a43f0):  JavaThread "Unknown thread" [_thread_in_vm, id=31156, stack(0x0000003cea000000,0x0000003cea100000) (1024K)]

Stack: [0x0000003cea000000,0x0000003cea100000]
Native frames: (J=compiled Java code, j=interpreted, Vv=VM code, C=native code)
V  [jvm.dll+0x6e08a9]  (no source info available)
V  [jvm.dll+0x87da63]  (no source info available)
V  [jvm.dll+0x87feee]  (no source info available)
V  [jvm.dll+0x8805c3]  (no source info available)
V  [jvm.dll+0x27aee6]  (no source info available)
V  [jvm.dll+0x6dd1b5]  (no source info available)
V  [jvm.dll+0x6d103a]  (no source info available)
V  [jvm.dll+0x35b3ea]  (no source info available)
V  [jvm.dll+0x3637f6]  (no source info available)
V  [jvm.dll+0x34fd5e]  (no source info available)
V  [jvm.dll+0x34fff8]  (no source info available)
V  [jvm.dll+0x3289cc]  (no source info available)
V  [jvm.dll+0x32966e]  (no source info available)
V  [jvm.dll+0x8442e5]  (no source info available)
V  [jvm.dll+0x3b9848]  (no source info available)
V  [jvm.dll+0x82d0dc]  (no source info available)
V  [jvm.dll+0x454d4e]  (no source info available)
V  [jvm.dll+0x456bd1]  (no source info available)
C  [jli.dll+0x52a3]  (no source info available)
C  [ucrtbase.dll+0x29333]  (no source info available)
C  [KERNEL32.DLL+0x1259d]  (no source info available)
C  [ntdll.dll+0x5af38]  (no source info available)

Lock stack of current Java thread (top to bottom):


---------------  P R O C E S S  ---------------

Threads class SMR info:
_java_thread_list=0x00007ff822e43618, length=0, elements={
}

Java Threads: ( => current thread )
Total: 0

Other Threads:
  0x0000017ea25a9fb0 WorkerThread "GC Thread#0"                     [id=6148, stack(0x0000003cea100000,0x0000003cea200000) (1024K)]
  0x0000017ea25be380 ConcurrentGCThread "G1 Main Marker"            [id=27240, stack(0x0000003cea200000,0x0000003cea300000) (1024K)]
  0x0000017ea25beda0 WorkerThread "G1 Conc#0"                       [id=21980, stack(0x0000003cea300000,0x0000003cea400000) (1024K)]

[error occurred during error reporting (printing all threads), id 0xc0000005, EXCEPTION_ACCESS_VIOLATION (0xc0000005) at pc=0x00007ff82258bfba]
VM state: not at safepoint (not fully initialized)

VM Mutex/Monitor currently owned by a thread:  ([mutex/lock_event])
[0x00007ff822ec3a10] Heap_lock - owner thread: 0x0000017ea00a43f0

Heap address: 0x0000000084a00000, size: 1974 MB, Compressed Oops mode: 32-bit

CDS archive(s) mapped at: [0x0000000000000000-0x0000000000000000-0x0000000000000000), size 0, SharedBaseAddress: 0x0000000800000000, ArchiveRelocationMode: 1.
Narrow klass base: 0x0000000000000000, Narrow klass shift: 0, Narrow klass range: 0x0

GC Precious Log:
 CardTable entry size: 512
 Card Set container configuration: InlinePtr #cards 5 size 8 Array Of Cards #cards 10 size 36 Howl #buckets 4 coarsen threshold 1843 Howl Bitmap #cards 512 size 80 coarsen threshold 460 Card regions per heap region 1 cards per card region 2048

Heap:
 garbage-first heap   total reserved 2021376K, committed 0K, used 0K [0x0000000084a00000, 0x0000000100000000)
  region size 1024K, 0 young (0K), 0 survivors (0K)

[error occurred during error reporting (printing heap information), id 0xc0000005, EXCEPTION_ACCESS_VIOLATION (0xc0000005) at pc=0x00007ff82298c3b9]
GC Heap History (0 events):
No events

Dll operation events (1 events):
Event: 0.012 Loaded shared library C:\Program Files\Java\jdk-23\bin\java.dll

Deoptimization events (0 events):
No events

Classes loaded (0 events):
No events

Classes unloaded (0 events):
No events

Classes redefined (0 events):
No events

Internal exceptions (0 events):
No events

VM Operations (0 events):
No events

Memory protections (0 events):
No events

Nmethod flushes (0 events):
No events

Events (0 events):
No events


Dynamic libraries:
0x00007ff700770000 - 0x00007ff700780000 	C:\Program Files\Java\jdk-23\bin\java.exe
0x00007ff995030000 - 0x00007ff995247000 	C:\Windows\SYSTEM32\ntdll.dll
0x00007ff94b320000 - 0x00007ff94b33a000 	C:\Program Files\Avast Software\Avast\aswhook.dll
0x00007ff993c80000 - 0x00007ff993d44000 	C:\Windows\System32\KERNEL32.DLL
0x00007ff992690000 - 0x00007ff992a49000 	C:\Windows\System32\KERNELBASE.dll
0x00007ff992330000 - 0x00007ff992441000 	C:\Windows\System32\ucrtbase.dll
0x00007ff95ded0000 - 0x00007ff95dee7000 	C:\Program Files\Java\jdk-23\bin\jli.dll
0x00007ff95deb0000 - 0x00007ff95decb000 	C:\Program Files\Java\jdk-23\bin\VCRUNTIME140.dll
0x00007ff993d60000 - 0x00007ff993f0e000 	C:\Windows\System32\USER32.dll
0x00007ff992660000 - 0x00007ff992686000 	C:\Windows\System32\win32u.dll
0x00007ff974020000 - 0x00007ff9742b2000 	C:\Windows\WinSxS\amd64_microsoft.windows.common-controls_6595b64144ccf1df_6.0.22621.4391_none_2715d37f73803e96\COMCTL32.dll
0x00007ff9944d0000 - 0x00007ff9944f9000 	C:\Windows\System32\GDI32.dll
0x00007ff994210000 - 0x00007ff9942b7000 	C:\Windows\System32\msvcrt.dll
0x00007ff992a50000 - 0x00007ff992b6b000 	C:\Windows\System32\gdi32full.dll
0x00007ff9925c0000 - 0x00007ff99265a000 	C:\Windows\System32\msvcp_win.dll
0x00007ff993090000 - 0x00007ff9930c1000 	C:\Windows\System32\IMM32.DLL
0x00007ff9632c0000 - 0x00007ff9632cc000 	C:\Program Files\Java\jdk-23\bin\vcruntime140_1.dll
0x00007ff928050000 - 0x00007ff9280de000 	C:\Program Files\Java\jdk-23\bin\msvcp140.dll
0x00007ff822250000 - 0x00007ff822f9f000 	C:\Program Files\Java\jdk-23\bin\server\jvm.dll
0x00007ff993810000 - 0x00007ff9938c2000 	C:\Windows\System32\ADVAPI32.dll
0x00007ff993fa0000 - 0x00007ff994047000 	C:\Windows\System32\sechost.dll
0x00007ff992be0000 - 0x00007ff992c08000 	C:\Windows\System32\bcrypt.dll
0x00007ff992d50000 - 0x00007ff992e64000 	C:\Windows\System32\RPCRT4.dll
0x00007ff993f10000 - 0x00007ff993f81000 	C:\Windows\System32\WS2_32.dll
0x00007ff991190000 - 0x00007ff9911dd000 	C:\Windows\SYSTEM32\POWRPROF.dll
0x00007ff9894f0000 - 0x00007ff989524000 	C:\Windows\SYSTEM32\WINMM.dll
0x00007ff988240000 - 0x00007ff98824a000 	C:\Windows\SYSTEM32\VERSION.dll
0x00007ff991170000 - 0x00007ff991183000 	C:\Windows\SYSTEM32\UMPDC.dll
0x00007ff991440000 - 0x00007ff991458000 	C:\Windows\SYSTEM32\kernel.appcore.dll
0x00007ff962890000 - 0x00007ff96289a000 	C:\Program Files\Java\jdk-23\bin\jimage.dll
0x00007ff98fda0000 - 0x00007ff98ffd2000 	C:\Windows\SYSTEM32\DBGHELP.DLL
0x00007ff9938f0000 - 0x00007ff993c7f000 	C:\Windows\System32\combase.dll
0x00007ff9930d0000 - 0x00007ff9931a7000 	C:\Windows\System32\OLEAUT32.dll
0x00007ff987b50000 - 0x00007ff987b82000 	C:\Windows\SYSTEM32\dbgcore.DLL
0x00007ff992c10000 - 0x00007ff992c8b000 	C:\Windows\System32\bcryptPrimitives.dll
0x00007ff947fc0000 - 0x00007ff947fde000 	C:\Program Files\Java\jdk-23\bin\java.dll
0x00007ff994de0000 - 0x00007ff994f85000 	C:\Windows\System32\ole32.dll
0x00007ff994560000 - 0x00007ff994dd6000 	C:\Windows\System32\SHELL32.dll

dbghelp: loaded successfully - version: 4.0.5 - missing functions: none
symbol engine: initialized successfully - sym options: 0x614 - pdb path: .;C:\Program Files\Java\jdk-23\bin;C:\Windows\SYSTEM32;C:\Program Files\Avast Software\Avast;C:\Windows\WinSxS\amd64_microsoft.windows.common-controls_6595b64144ccf1df_6.0.22621.4391_none_2715d37f73803e96;C:\Program Files\Java\jdk-23\bin\server

VM Arguments:
jvm_args: --enable-preview -XX:+ShowCodeDetailsInExceptionMessages 
java_command: App
java_class_path (initial): C:\Users\Bintang\AppData\Roaming\Code\User\workspaceStorage\ce917352764322bf7b911b003575759b\redhat.java\jdt_ws\TUBES OOP_1aca2010\bin;d:\Downloads\openjfx-17.0.13_windows-x64_bin-sdk\javafx-sdk-17.0.13\lib\javafx.graphics.jar;d:\Downloads\openjfx-17.0.13_windows-x64_bin-sdk\javafx-sdk-17.0.13\lib\javafx.base.jar;d:\Downloads\openjfx-17.0.13_windows-x64_bin-sdk\javafx-sdk-17.0.13\lib\javafx.media.jar;d:\Downloads\openjfx-17.0.13_windows-x64_bin-sdk\javafx-sdk-17.0.13\lib\javafx.fxml.jar;d:\Downloads\openjfx-17.0.13_windows-x64_bin-sdk\javafx-sdk-17.0.13\lib\javafx-swt.jar;d:\Downloads\openjfx-17.0.13_windows-x64_bin-sdk\javafx-sdk-17.0.13\lib\javafx.web.jar;d:\Downloads\openjfx-17.0.13_windows-x64_bin-sdk\javafx-sdk-17.0.13\lib\javafx.swing.jar;d:\Downloads\openjfx-17.0.13_windows-x64_bin-sdk\javafx-sdk-17.0.13\lib\javafx.controls.jar
Launcher Type: SUN_STANDARD

[Global flags]
     intx CICompilerCount                          = 12                                        {product} {ergonomic}
     uint ConcGCThreads                            = 4                                         {product} {ergonomic}
     uint G1ConcRefinementThreads                  = 15                                        {product} {ergonomic}
   size_t G1HeapRegionSize                         = 1048576                                   {product} {ergonomic}
   size_t InitialHeapSize                          = 130023424                                 {product} {ergonomic}
   size_t MarkStackSize                            = 4194304                                   {product} {ergonomic}
   size_t MarkStackSizeMax                         = 536870912                                 {product} {ergonomic}
   size_t MaxHeapSize                              = 2069889024                                {product} {ergonomic}
   size_t MinHeapDeltaBytes                        = 1048576                                   {product} {ergonomic}
   size_t MinHeapSize                              = 8388608                                   {product} {ergonomic}
    uintx NonNMethodCodeHeapSize                   = 7602176                                {pd product} {ergonomic}
    uintx NonProfiledCodeHeapSize                  = 122093568                              {pd product} {ergonomic}
    uintx ProfiledCodeHeapSize                     = 121962496                              {pd product} {ergonomic}
    uintx ReservedCodeCacheSize                    = 251658240                              {pd product} {ergonomic}
     bool SegmentedCodeCache                       = true                                      {product} {ergonomic}
     bool ShowCodeDetailsInExceptionMessages       = true                                   {manageable} {command line}
   size_t SoftMaxHeapSize                          = 2069889024                             {manageable} {ergonomic}
     bool UseCompressedOops                        = true                           {product lp64_product} {ergonomic}
     bool UseG1GC                                  = true                                      {product} {ergonomic}
     bool UseLargePagesIndividualAllocation        = false                                  {pd product} {ergonomic}

Logging:
Log output configuration:
 #0: stdout all=warning uptime,level,tags foldmultilines=false
 #1: stderr all=off uptime,level,tags foldmultilines=false

Environment Variables:
PATH=C:\Program Files\Common Files\Oracle\Java\javapath;C:\Program Files (x86)\Common Files\Oracle\Java\java8path;C:\Program Files (x86)\Common Files\Oracle\Java\javapath;C:\Windows\system32;C:\Windows;C:\Windows\System32\Wbem;C:\Windows\System32\WindowsPowerShell\v1.0\;C:\Windows\System32\OpenSSH\;C:\Program Files (x86)\NVIDIA Corporation\PhysX\Common;C:\Program Files\NVIDIA Corporation\NVIDIA NvDLISR;C:\ProgramData\chocolatey\bin;C:\xampp\mysql\bin;C:\php;C:\Program Files\Git\cmd;C:\Program Files\nodejs\;C:\Users\Bintang\AppData\Local\Programs\Python\Python312\Scripts\;C:\Users\Bintang\AppData\Local\Programs\Python\Python312\;C:\Users\Bintang\AppData\Local\Microsoft\WindowsApps;;C:\Users\Bintang\AppData\Local\Programs\Microsoft VS Code\bin;C:\Users\Bintang\AppData\Roaming\npm
USERNAME=Bintang
LANG=en_US.UTF-8
OS=Windows_NT
PROCESSOR_IDENTIFIER=Intel64 Family 6 Model 154 Stepping 3, GenuineIntel
TMP=C:\Users\Bintang\AppData\Local\Temp
TEMP=C:\Users\Bintang\AppData\Local\Temp




Periodic native trim disabled

---------------  S Y S T E M  ---------------

OS:
 Windows 11 , 64 bit Build 22621 (10.0.22621.4391)
OS uptime: 7 days 13:34 hours
Hyper-V role detected

CPU: total 20 (initial active 20) (10 cores per cpu, 2 threads per core) family 6 model 154 stepping 3 microcode 0x413, cx8, cmov, fxsr, ht, mmx, 3dnowpref, sse, sse2, sse3, ssse3, sse4.1, sse4.2, popcnt, lzcnt, tsc, tscinvbit, avx, avx2, aes, erms, clmul, bmi1, bmi2, adx, sha, fma, vzeroupper, clflush, clflushopt, clwb, hv, serialize, rdtscp, rdpid, fsrm, gfni, f16c, cet_ibt, cet_ss
Processor Information for processor 0
  Max Mhz: 2700, Current Mhz: 2700, Mhz Limit: 2700
Processor Information for processor 1
  Max Mhz: 2700, Current Mhz: 2700, Mhz Limit: 2700
Processor Information for processor 2
  Max Mhz: 2700, Current Mhz: 2700, Mhz Limit: 2700
Processor Information for processor 3
  Max Mhz: 2700, Current Mhz: 2700, Mhz Limit: 2700
Processor Information for processor 4
  Max Mhz: 2700, Current Mhz: 2700, Mhz Limit: 2700
Processor Information for processor 5
  Max Mhz: 2700, Current Mhz: 2700, Mhz Limit: 2700
Processor Information for processor 6
  Max Mhz: 2700, Current Mhz: 2700, Mhz Limit: 2700
Processor Information for processor 7
  Max Mhz: 2700, Current Mhz: 2700, Mhz Limit: 2700
Processor Information for processor 8
  Max Mhz: 2700, Current Mhz: 2700, Mhz Limit: 2700
Processor Information for processor 9
  Max Mhz: 2700, Current Mhz: 2700, Mhz Limit: 2700
Processor Information for processor 10
  Max Mhz: 2700, Current Mhz: 2700, Mhz Limit: 2700
Processor Information for processor 11
  Max Mhz: 2700, Current Mhz: 2700, Mhz Limit: 2700
Processor Information for processor 12
  Max Mhz: 2700, Current Mhz: 1995, Mhz Limit: 1971
Processor Information for processor 13
  Max Mhz: 2700, Current Mhz: 1995, Mhz Limit: 1971
Processor Information for processor 14
  Max Mhz: 2700, Current Mhz: 1995, Mhz Limit: 1971
Processor Information for processor 15
  Max Mhz: 2700, Current Mhz: 1995, Mhz Limit: 1971
Processor Information for processor 16
  Max Mhz: 2700, Current Mhz: 1995, Mhz Limit: 1971
Processor Information for processor 17
  Max Mhz: 2700, Current Mhz: 1995, Mhz Limit: 1971
Processor Information for processor 18
  Max Mhz: 2700, Current Mhz: 1526, Mhz Limit: 1971
Processor Information for processor 19
  Max Mhz: 2700, Current Mhz: 1995, Mhz Limit: 1971

Memory: 4k page, system-wide physical 7892M (170M free)
TotalPageFile size 28751M (AvailPageFile size 90M)
current process WorkingSet (physical memory assigned to process): 12M, peak: 12M
current process commit charge ("private bytes"): 75M, peak: 199M

vm_info: Java HotSpot(TM) 64-Bit Server VM (23+37-2369) for windows-amd64 JRE (23+37-2369), built on 2024-08-20T16:01:23Z with MS VC++ 17.6 (VS2022)

END.
